2021-09-30 09:16:07.838  WARN 1780 --- [HikariPool-1 housekeeper] com.zaxxer.hikari.pool.HikariPool        : HikariPool-1 - Thread starvation or clock leap detected (housekeeper delta=9h20m23s243ms613µs300ns).
2021-09-30 13:02:19.140  WARN 1780 --- [HikariPool-1 housekeeper] com.zaxxer.hikari.pool.HikariPool        : HikariPool-1 - Thread starvation or clock leap detected (housekeeper delta=1h5m3s4ms787µs700ns).
2021-09-30 13:52:35.128  WARN 1780 --- [HikariPool-1 housekeeper] com.zaxxer.hikari.pool.HikariPool        : HikariPool-1 - Thread starvation or clock leap detected (housekeeper delta=5m14s281ms621µs).
2021-09-30 15:02:40.303  WARN 1780 --- [HikariPool-1 housekeeper] com.zaxxer.hikari.pool.HikariPool        : HikariPool-1 - Thread starvation or clock leap detected (housekeeper delta=1m4s94ms149µs100ns).
2021-09-30 21:55:56.580  WARN 1780 --- [HikariPool-1 housekeeper] com.zaxxer.hikari.pool.HikariPool        : HikariPool-1 - Thread starvation or clock leap detected (housekeeper delta=6h23m48s330ms421µs).
2021-09-30 22:26:03.706  INFO 1780 --- [Thread-5] o.s.s.concurrent.ThreadPoolTaskExecutor  : Shutting down ExecutorService 'applicationTaskExecutor'
2021-09-30 22:26:03.745  INFO 1780 --- [Thread-5] j.LocalContainerEntityManagerFactoryBean : Closing JPA EntityManagerFactory for persistence unit 'default'
2021-09-30 22:26:04.883  INFO 1780 --- [Thread-5] com.zaxxer.hikari.HikariDataSource       : HikariPool-1 - Shutdown initiated...
2021-09-30 22:26:05.088  INFO 1780 --- [Thread-5] com.zaxxer.hikari.HikariDataSource       : HikariPool-1 - Shutdown completed.
2021-09-30 22:26:09.624  INFO 1780 --- [restartedMain] c.shopme.admin.ShopmeBackEndApplication  : Starting ShopmeBackEndApplication using Java 15.0.2 on LAPTOP-NBIBL59J with PID 1780 (C:\Users\Acer\Documents\workspace-spring-tool-suite-4-4.10.0.RELEASE\ShopmeProject1\ShopmeWebParent1\ShopmeBackEnd1\target\classes started by Acer in C:\Users\Acer\Documents\workspace-spring-tool-suite-4-4.10.0.RELEASE\ShopmeProject1\ShopmeWebParent1\ShopmeBackEnd1)
2021-09-30 22:26:09.625  INFO 1780 --- [restartedMain] c.shopme.admin.ShopmeBackEndApplication  : No active profile set, falling back to default profiles: default
2021-09-30 22:26:10.460  INFO 1780 --- [restartedMain] .s.d.r.c.RepositoryConfigurationDelegate : Bootstrapping Spring Data JPA repositories in DEFAULT mode.
2021-09-30 22:26:10.493  INFO 1780 --- [restartedMain] .s.d.r.c.RepositoryConfigurationDelegate : Finished Spring Data repository scanning in 32 ms. Found 2 JPA repository interfaces.
2021-09-30 22:26:10.670  INFO 1780 --- [restartedMain] o.s.cloud.context.scope.GenericScope     : BeanFactory id=d7223d9e-457c-376e-af5d-74114d8fbcc3
2021-09-30 22:26:11.020  INFO 1780 --- [restartedMain] o.s.b.w.embedded.tomcat.TomcatWebServer  : Tomcat initialized with port(s): 8090 (http)
2021-09-30 22:26:11.021  INFO 1780 --- [restartedMain] o.apache.catalina.core.StandardService   : Starting service [Tomcat]
2021-09-30 22:26:11.021  INFO 1780 --- [restartedMain] org.apache.catalina.core.StandardEngine  : Starting Servlet engine: [Apache Tomcat/9.0.45]
2021-09-30 22:26:11.064  INFO 1780 --- [restartedMain] o.a.c.c.C.[.[localhost].[/ShopmeAdmin]   : Initializing Spring embedded WebApplicationContext
2021-09-30 22:26:11.064  INFO 1780 --- [restartedMain] w.s.c.ServletWebServerApplicationContext : Root WebApplicationContext: initialization completed in 1431 ms
2021-09-30 22:26:11.131  INFO 1780 --- [restartedMain] o.hibernate.jpa.internal.util.LogHelper  : HHH000204: Processing PersistenceUnitInfo [name: default]
2021-09-30 22:26:11.143  INFO 1780 --- [restartedMain] com.zaxxer.hikari.HikariDataSource       : HikariPool-2 - Starting...
2021-09-30 22:26:11.146  INFO 1780 --- [restartedMain] com.zaxxer.hikari.HikariDataSource       : HikariPool-2 - Start completed.
2021-09-30 22:26:11.146  INFO 1780 --- [restartedMain] org.hibernate.dialect.Dialect            : HHH000400: Using dialect: org.hibernate.dialect.MySQL8Dialect
2021-09-30 22:26:11.357  INFO 1780 --- [restartedMain] o.h.e.t.j.p.i.JtaPlatformInitiator       : HHH000490: Using JtaPlatform implementation: [org.hibernate.engine.transaction.jta.platform.internal.NoJtaPlatform]
2021-09-30 22:26:11.358  INFO 1780 --- [restartedMain] j.LocalContainerEntityManagerFactoryBean : Initialized JPA EntityManagerFactory for persistence unit 'default'
2021-09-30 22:26:11.382  INFO 1780 --- [restartedMain] o.s.b.d.a.OptionalLiveReloadServer       : LiveReload server is running on port 35729
2021-09-30 22:26:11.489  WARN 1780 --- [restartedMain] JpaBaseConfiguration$JpaWebConfiguration : spring.jpa.open-in-view is enabled by default. Therefore, database queries may be performed during view rendering. Explicitly configure spring.jpa.open-in-view to disable this warning
2021-09-30 22:26:11.540  INFO 1780 --- [restartedMain] o.s.s.web.DefaultSecurityFilterChain     : Will secure Ant [pattern='/images/**'] with []
2021-09-30 22:26:11.540  INFO 1780 --- [restartedMain] o.s.s.web.DefaultSecurityFilterChain     : Will secure Ant [pattern='/js/**'] with []
2021-09-30 22:26:11.540  INFO 1780 --- [restartedMain] o.s.s.web.DefaultSecurityFilterChain     : Will secure Ant [pattern='/webjars/**'] with []
2021-09-30 22:26:11.551  INFO 1780 --- [restartedMain] o.s.s.web.DefaultSecurityFilterChain     : Will secure any request with [org.springframework.security.web.context.request.async.WebAsyncManagerIntegrationFilter@6eda169b, org.springframework.security.web.context.SecurityContextPersistenceFilter@c48dad0, org.springframework.security.web.header.HeaderWriterFilter@457590c0, org.springframework.security.web.csrf.CsrfFilter@7ec614f4, org.springframework.security.web.authentication.logout.LogoutFilter@71bf13ea, org.springframework.security.web.authentication.UsernamePasswordAuthenticationFilter@68071f9, org.springframework.security.web.savedrequest.RequestCacheAwareFilter@29250a7d, org.springframework.security.web.servletapi.SecurityContextHolderAwareRequestFilter@40bf6c09, org.springframework.security.web.authentication.rememberme.RememberMeAuthenticationFilter@75cdd931, org.springframework.security.web.authentication.AnonymousAuthenticationFilter@6534c473, org.springframework.security.web.session.SessionManagementFilter@42e717cc, org.springframework.security.web.access.ExceptionTranslationFilter@ec571bd, org.springframework.security.web.access.intercept.FilterSecurityInterceptor@4f1f289]
2021-09-30 22:26:11.601  INFO 1780 --- [restartedMain] o.s.s.concurrent.ThreadPoolTaskExecutor  : Initializing ExecutorService 'applicationTaskExecutor'
2021-09-30 22:26:11.625  INFO 1780 --- [restartedMain] o.s.b.a.w.s.WelcomePageHandlerMapping    : Adding welcome page template: index
2021-09-30 22:26:12.884  INFO 1780 --- [restartedMain] o.s.b.w.embedded.tomcat.TomcatWebServer  : Tomcat started on port(s): 8090 (http) with context path '/ShopmeAdmin'
2021-09-30 22:26:13.029  INFO 1780 --- [restartedMain] c.shopme.admin.ShopmeBackEndApplication  : Started ShopmeBackEndApplication in 3.939 seconds (JVM running for 180329.421)
2021-09-30 22:26:13.032  INFO 1780 --- [restartedMain] .ConditionEvaluationDeltaLoggingListener : Condition evaluation unchanged
2021-09-30 22:38:09.011  INFO 1780 --- [Thread-10] o.s.s.concurrent.ThreadPoolTaskExecutor  : Shutting down ExecutorService 'applicationTaskExecutor'
2021-09-30 22:38:09.092  INFO 1780 --- [Thread-10] j.LocalContainerEntityManagerFactoryBean : Closing JPA EntityManagerFactory for persistence unit 'default'
2021-09-30 22:38:09.164  INFO 1780 --- [Thread-10] com.zaxxer.hikari.HikariDataSource       : HikariPool-2 - Shutdown initiated...
2021-09-30 22:38:09.209  INFO 1780 --- [Thread-10] com.zaxxer.hikari.HikariDataSource       : HikariPool-2 - Shutdown completed.
2021-09-30 22:38:10.408  INFO 1780 --- [restartedMain] c.shopme.admin.ShopmeBackEndApplication  : Starting ShopmeBackEndApplication using Java 15.0.2 on LAPTOP-NBIBL59J with PID 1780 (C:\Users\Acer\Documents\workspace-spring-tool-suite-4-4.10.0.RELEASE\ShopmeProject1\ShopmeWebParent1\ShopmeBackEnd1\target\classes started by Acer in C:\Users\Acer\Documents\workspace-spring-tool-suite-4-4.10.0.RELEASE\ShopmeProject1\ShopmeWebParent1\ShopmeBackEnd1)
2021-09-30 22:38:10.409  INFO 1780 --- [restartedMain] c.shopme.admin.ShopmeBackEndApplication  : No active profile set, falling back to default profiles: default
2021-09-30 22:38:11.276  INFO 1780 --- [restartedMain] .s.d.r.c.RepositoryConfigurationDelegate : Bootstrapping Spring Data JPA repositories in DEFAULT mode.
2021-09-30 22:38:11.332  INFO 1780 --- [restartedMain] .s.d.r.c.RepositoryConfigurationDelegate : Finished Spring Data repository scanning in 53 ms. Found 2 JPA repository interfaces.
2021-09-30 22:38:11.546  INFO 1780 --- [restartedMain] o.s.cloud.context.scope.GenericScope     : BeanFactory id=d7223d9e-457c-376e-af5d-74114d8fbcc3
2021-09-30 22:38:11.832  INFO 1780 --- [restartedMain] o.s.b.w.embedded.tomcat.TomcatWebServer  : Tomcat initialized with port(s): 8090 (http)
2021-09-30 22:38:11.833  INFO 1780 --- [restartedMain] o.apache.catalina.core.StandardService   : Starting service [Tomcat]
2021-09-30 22:38:11.834  INFO 1780 --- [restartedMain] org.apache.catalina.core.StandardEngine  : Starting Servlet engine: [Apache Tomcat/9.0.45]
2021-09-30 22:38:11.926  INFO 1780 --- [restartedMain] o.a.c.c.C.[.[localhost].[/ShopmeAdmin]   : Initializing Spring embedded WebApplicationContext
2021-09-30 22:38:11.927  INFO 1780 --- [restartedMain] w.s.c.ServletWebServerApplicationContext : Root WebApplicationContext: initialization completed in 1502 ms
2021-09-30 22:38:12.043  INFO 1780 --- [restartedMain] o.hibernate.jpa.internal.util.LogHelper  : HHH000204: Processing PersistenceUnitInfo [name: default]
2021-09-30 22:38:12.125  INFO 1780 --- [restartedMain] com.zaxxer.hikari.HikariDataSource       : HikariPool-3 - Starting...
2021-09-30 22:38:12.148  INFO 1780 --- [restartedMain] com.zaxxer.hikari.HikariDataSource       : HikariPool-3 - Start completed.
2021-09-30 22:38:12.151  INFO 1780 --- [restartedMain] org.hibernate.dialect.Dialect            : HHH000400: Using dialect: org.hibernate.dialect.MySQL8Dialect
2021-09-30 22:38:13.238  INFO 1780 --- [restartedMain] o.h.e.t.j.p.i.JtaPlatformInitiator       : HHH000490: Using JtaPlatform implementation: [org.hibernate.engine.transaction.jta.platform.internal.NoJtaPlatform]
2021-09-30 22:38:13.239  INFO 1780 --- [restartedMain] j.LocalContainerEntityManagerFactoryBean : Initialized JPA EntityManagerFactory for persistence unit 'default'
2021-09-30 22:38:13.276  INFO 1780 --- [restartedMain] o.s.b.d.a.OptionalLiveReloadServer       : LiveReload server is running on port 35729
2021-09-30 22:38:13.456  WARN 1780 --- [restartedMain] JpaBaseConfiguration$JpaWebConfiguration : spring.jpa.open-in-view is enabled by default. Therefore, database queries may be performed during view rendering. Explicitly configure spring.jpa.open-in-view to disable this warning
2021-09-30 22:38:13.517  INFO 1780 --- [restartedMain] o.s.s.web.DefaultSecurityFilterChain     : Will secure Ant [pattern='/images/**'] with []
2021-09-30 22:38:13.517  INFO 1780 --- [restartedMain] o.s.s.web.DefaultSecurityFilterChain     : Will secure Ant [pattern='/js/**'] with []
2021-09-30 22:38:13.518  INFO 1780 --- [restartedMain] o.s.s.web.DefaultSecurityFilterChain     : Will secure Ant [pattern='/webjars/**'] with []
2021-09-30 22:38:13.535  INFO 1780 --- [restartedMain] o.s.s.web.DefaultSecurityFilterChain     : Will secure any request with [org.springframework.security.web.context.request.async.WebAsyncManagerIntegrationFilter@7bd65de9, org.springframework.security.web.context.SecurityContextPersistenceFilter@379591c1, org.springframework.security.web.header.HeaderWriterFilter@7862bac2, org.springframework.security.web.csrf.CsrfFilter@3d390f6e, org.springframework.security.web.authentication.logout.LogoutFilter@3822cd3e, org.springframework.security.web.authentication.UsernamePasswordAuthenticationFilter@487fd860, org.springframework.security.web.savedrequest.RequestCacheAwareFilter@19aaca51, org.springframework.security.web.servletapi.SecurityContextHolderAwareRequestFilter@74f3c70c, org.springframework.security.web.authentication.rememberme.RememberMeAuthenticationFilter@4c1fdbb2, org.springframework.security.web.authentication.AnonymousAuthenticationFilter@623ebdf7, org.springframework.security.web.session.SessionManagementFilter@4222b494, org.springframework.security.web.access.ExceptionTranslationFilter@b74bcae, org.springframework.security.web.access.intercept.FilterSecurityInterceptor@b025e6a]
2021-09-30 22:38:13.607  INFO 1780 --- [restartedMain] o.s.s.concurrent.ThreadPoolTaskExecutor  : Initializing ExecutorService 'applicationTaskExecutor'
2021-09-30 22:38:13.656  INFO 1780 --- [restartedMain] o.s.b.a.w.s.WelcomePageHandlerMapping    : Adding welcome page template: index
2021-09-30 22:38:15.677  INFO 1780 --- [restartedMain] o.s.b.w.embedded.tomcat.TomcatWebServer  : Tomcat started on port(s): 8090 (http) with context path '/ShopmeAdmin'
2021-09-30 22:38:15.857  INFO 1780 --- [restartedMain] c.shopme.admin.ShopmeBackEndApplication  : Started ShopmeBackEndApplication in 5.685 seconds (JVM running for 181052.249)
2021-09-30 22:38:15.859  INFO 1780 --- [restartedMain] .ConditionEvaluationDeltaLoggingListener : Condition evaluation unchanged
2021-09-30 22:44:59.235  INFO 1780 --- [Thread-17] o.s.s.concurrent.ThreadPoolTaskExecutor  : Shutting down ExecutorService 'applicationTaskExecutor'
2021-09-30 22:44:59.236  INFO 1780 --- [Thread-17] j.LocalContainerEntityManagerFactoryBean : Closing JPA EntityManagerFactory for persistence unit 'default'
2021-09-30 22:44:59.237  INFO 1780 --- [Thread-17] com.zaxxer.hikari.HikariDataSource       : HikariPool-3 - Shutdown initiated...
2021-09-30 22:44:59.239  INFO 1780 --- [Thread-17] com.zaxxer.hikari.HikariDataSource       : HikariPool-3 - Shutdown completed.
2021-09-30 22:44:59.522  INFO 1780 --- [restartedMain] c.shopme.admin.ShopmeBackEndApplication  : Starting ShopmeBackEndApplication using Java 15.0.2 on LAPTOP-NBIBL59J with PID 1780 (C:\Users\Acer\Documents\workspace-spring-tool-suite-4-4.10.0.RELEASE\ShopmeProject1\ShopmeWebParent1\ShopmeBackEnd1\target\classes started by Acer in C:\Users\Acer\Documents\workspace-spring-tool-suite-4-4.10.0.RELEASE\ShopmeProject1\ShopmeWebParent1\ShopmeBackEnd1)
2021-09-30 22:44:59.522  INFO 1780 --- [restartedMain] c.shopme.admin.ShopmeBackEndApplication  : No active profile set, falling back to default profiles: default
2021-09-30 22:45:00.023  INFO 1780 --- [restartedMain] .s.d.r.c.RepositoryConfigurationDelegate : Bootstrapping Spring Data JPA repositories in DEFAULT mode.
2021-09-30 22:45:00.052  INFO 1780 --- [restartedMain] .s.d.r.c.RepositoryConfigurationDelegate : Finished Spring Data repository scanning in 28 ms. Found 2 JPA repository interfaces.
2021-09-30 22:45:00.151  INFO 1780 --- [restartedMain] o.s.cloud.context.scope.GenericScope     : BeanFactory id=d7223d9e-457c-376e-af5d-74114d8fbcc3
2021-09-30 22:45:00.316  INFO 1780 --- [restartedMain] o.s.b.w.embedded.tomcat.TomcatWebServer  : Tomcat initialized with port(s): 8090 (http)
2021-09-30 22:45:00.318  INFO 1780 --- [restartedMain] o.apache.catalina.core.StandardService   : Starting service [Tomcat]
2021-09-30 22:45:00.319  INFO 1780 --- [restartedMain] org.apache.catalina.core.StandardEngine  : Starting Servlet engine: [Apache Tomcat/9.0.45]
2021-09-30 22:45:00.369  INFO 1780 --- [restartedMain] o.a.c.c.C.[.[localhost].[/ShopmeAdmin]   : Initializing Spring embedded WebApplicationContext
2021-09-30 22:45:00.369  INFO 1780 --- [restartedMain] w.s.c.ServletWebServerApplicationContext : Root WebApplicationContext: initialization completed in 840 ms
2021-09-30 22:45:00.440  INFO 1780 --- [restartedMain] o.hibernate.jpa.internal.util.LogHelper  : HHH000204: Processing PersistenceUnitInfo [name: default]
2021-09-30 22:45:00.455  INFO 1780 --- [restartedMain] com.zaxxer.hikari.HikariDataSource       : HikariPool-4 - Starting...
2021-09-30 22:45:00.460  INFO 1780 --- [restartedMain] com.zaxxer.hikari.HikariDataSource       : HikariPool-4 - Start completed.
2021-09-30 22:45:00.461  INFO 1780 --- [restartedMain] org.hibernate.dialect.Dialect            : HHH000400: Using dialect: org.hibernate.dialect.MySQL8Dialect
2021-09-30 22:45:00.655  INFO 1780 --- [restartedMain] o.h.e.t.j.p.i.JtaPlatformInitiator       : HHH000490: Using JtaPlatform implementation: [org.hibernate.engine.transaction.jta.platform.internal.NoJtaPlatform]
2021-09-30 22:45:00.655  INFO 1780 --- [restartedMain] j.LocalContainerEntityManagerFactoryBean : Initialized JPA EntityManagerFactory for persistence unit 'default'
2021-09-30 22:45:00.704  INFO 1780 --- [restartedMain] o.s.b.d.a.OptionalLiveReloadServer       : LiveReload server is running on port 35729
2021-09-30 22:45:00.856  WARN 1780 --- [restartedMain] JpaBaseConfiguration$JpaWebConfiguration : spring.jpa.open-in-view is enabled by default. Therefore, database queries may be performed during view rendering. Explicitly configure spring.jpa.open-in-view to disable this warning
2021-09-30 22:45:00.904  INFO 1780 --- [restartedMain] o.s.s.web.DefaultSecurityFilterChain     : Will secure Ant [pattern='/images/**'] with []
2021-09-30 22:45:00.904  INFO 1780 --- [restartedMain] o.s.s.web.DefaultSecurityFilterChain     : Will secure Ant [pattern='/js/**'] with []
2021-09-30 22:45:00.904  INFO 1780 --- [restartedMain] o.s.s.web.DefaultSecurityFilterChain     : Will secure Ant [pattern='/webjars/**'] with []
2021-09-30 22:45:00.914  INFO 1780 --- [restartedMain] o.s.s.web.DefaultSecurityFilterChain     : Will secure any request with [org.springframework.security.web.context.request.async.WebAsyncManagerIntegrationFilter@32a84b45, org.springframework.security.web.context.SecurityContextPersistenceFilter@528c2319, org.springframework.security.web.header.HeaderWriterFilter@1d0d6aba, org.springframework.security.web.csrf.CsrfFilter@6aa8cd82, org.springframework.security.web.authentication.logout.LogoutFilter@67889c4d, org.springframework.security.web.authentication.UsernamePasswordAuthenticationFilter@437fc86c, org.springframework.security.web.savedrequest.RequestCacheAwareFilter@7d963880, org.springframework.security.web.servletapi.SecurityContextHolderAwareRequestFilter@b38c532, org.springframework.security.web.authentication.rememberme.RememberMeAuthenticationFilter@5ef983b8, org.springframework.security.web.authentication.AnonymousAuthenticationFilter@65f94658, org.springframework.security.web.session.SessionManagementFilter@7ee4259a, org.springframework.security.web.access.ExceptionTranslationFilter@1996c46c, org.springframework.security.web.access.intercept.FilterSecurityInterceptor@32acb555]
2021-09-30 22:45:00.966  INFO 1780 --- [restartedMain] o.s.s.concurrent.ThreadPoolTaskExecutor  : Initializing ExecutorService 'applicationTaskExecutor'
2021-09-30 22:45:00.986  INFO 1780 --- [restartedMain] o.s.b.a.w.s.WelcomePageHandlerMapping    : Adding welcome page template: index
2021-09-30 22:45:01.520  INFO 1780 --- [restartedMain] o.s.b.w.embedded.tomcat.TomcatWebServer  : Tomcat started on port(s): 8090 (http) with context path '/ShopmeAdmin'
2021-09-30 22:45:01.674  INFO 1780 --- [restartedMain] c.shopme.admin.ShopmeBackEndApplication  : Started ShopmeBackEndApplication in 2.365 seconds (JVM running for 181458.067)
2021-09-30 22:45:01.676  INFO 1780 --- [restartedMain] .ConditionEvaluationDeltaLoggingListener : Condition evaluation unchanged
2021-09-30 22:45:28.042  INFO 1780 --- [Thread-24] o.s.s.concurrent.ThreadPoolTaskExecutor  : Shutting down ExecutorService 'applicationTaskExecutor'
2021-09-30 22:45:28.043  INFO 1780 --- [Thread-24] j.LocalContainerEntityManagerFactoryBean : Closing JPA EntityManagerFactory for persistence unit 'default'
2021-09-30 22:45:28.044  INFO 1780 --- [Thread-24] com.zaxxer.hikari.HikariDataSource       : HikariPool-4 - Shutdown initiated...
2021-09-30 22:45:28.045  INFO 1780 --- [Thread-24] com.zaxxer.hikari.HikariDataSource       : HikariPool-4 - Shutdown completed.
2021-09-30 22:45:28.307  INFO 1780 --- [restartedMain] c.shopme.admin.ShopmeBackEndApplication  : Starting ShopmeBackEndApplication using Java 15.0.2 on LAPTOP-NBIBL59J with PID 1780 (C:\Users\Acer\Documents\workspace-spring-tool-suite-4-4.10.0.RELEASE\ShopmeProject1\ShopmeWebParent1\ShopmeBackEnd1\target\classes started by Acer in C:\Users\Acer\Documents\workspace-spring-tool-suite-4-4.10.0.RELEASE\ShopmeProject1\ShopmeWebParent1\ShopmeBackEnd1)
2021-09-30 22:45:28.308  INFO 1780 --- [restartedMain] c.shopme.admin.ShopmeBackEndApplication  : No active profile set, falling back to default profiles: default
2021-09-30 22:45:28.712  INFO 1780 --- [restartedMain] .s.d.r.c.RepositoryConfigurationDelegate : Bootstrapping Spring Data JPA repositories in DEFAULT mode.
2021-09-30 22:45:28.744  INFO 1780 --- [restartedMain] .s.d.r.c.RepositoryConfigurationDelegate : Finished Spring Data repository scanning in 32 ms. Found 3 JPA repository interfaces.
2021-09-30 22:45:28.858  INFO 1780 --- [restartedMain] o.s.cloud.context.scope.GenericScope     : BeanFactory id=4f5f1ce9-a894-341b-8712-ada006eaa5aa
2021-09-30 22:45:28.965  INFO 1780 --- [restartedMain] o.s.b.w.embedded.tomcat.TomcatWebServer  : Tomcat initialized with port(s): 8090 (http)
2021-09-30 22:45:28.967  INFO 1780 --- [restartedMain] o.apache.catalina.core.StandardService   : Starting service [Tomcat]
2021-09-30 22:45:28.967  INFO 1780 --- [restartedMain] org.apache.catalina.core.StandardEngine  : Starting Servlet engine: [Apache Tomcat/9.0.45]
2021-09-30 22:45:29.011  INFO 1780 --- [restartedMain] o.a.c.c.C.[.[localhost].[/ShopmeAdmin]   : Initializing Spring embedded WebApplicationContext
2021-09-30 22:45:29.011  INFO 1780 --- [restartedMain] w.s.c.ServletWebServerApplicationContext : Root WebApplicationContext: initialization completed in 700 ms
2021-09-30 22:45:29.080  INFO 1780 --- [restartedMain] o.hibernate.jpa.internal.util.LogHelper  : HHH000204: Processing PersistenceUnitInfo [name: default]
2021-09-30 22:45:29.094  INFO 1780 --- [restartedMain] com.zaxxer.hikari.HikariDataSource       : HikariPool-5 - Starting...
2021-09-30 22:45:29.098  INFO 1780 --- [restartedMain] com.zaxxer.hikari.HikariDataSource       : HikariPool-5 - Start completed.
2021-09-30 22:45:29.099  INFO 1780 --- [restartedMain] org.hibernate.dialect.Dialect            : HHH000400: Using dialect: org.hibernate.dialect.MySQL8Dialect
2021-09-30 22:45:29.230  INFO 1780 --- [restartedMain] o.h.e.t.j.p.i.JtaPlatformInitiator       : HHH000490: Using JtaPlatform implementation: [org.hibernate.engine.transaction.jta.platform.internal.NoJtaPlatform]
2021-09-30 22:45:29.231  INFO 1780 --- [restartedMain] j.LocalContainerEntityManagerFactoryBean : Initialized JPA EntityManagerFactory for persistence unit 'default'
2021-09-30 22:45:29.258  INFO 1780 --- [restartedMain] o.s.b.d.a.OptionalLiveReloadServer       : LiveReload server is running on port 35729
2021-09-30 22:45:29.357  WARN 1780 --- [restartedMain] JpaBaseConfiguration$JpaWebConfiguration : spring.jpa.open-in-view is enabled by default. Therefore, database queries may be performed during view rendering. Explicitly configure spring.jpa.open-in-view to disable this warning
2021-09-30 22:45:29.399  INFO 1780 --- [restartedMain] o.s.s.web.DefaultSecurityFilterChain     : Will secure Ant [pattern='/images/**'] with []
2021-09-30 22:45:29.399  INFO 1780 --- [restartedMain] o.s.s.web.DefaultSecurityFilterChain     : Will secure Ant [pattern='/js/**'] with []
2021-09-30 22:45:29.399  INFO 1780 --- [restartedMain] o.s.s.web.DefaultSecurityFilterChain     : Will secure Ant [pattern='/webjars/**'] with []
2021-09-30 22:45:29.409  INFO 1780 --- [restartedMain] o.s.s.web.DefaultSecurityFilterChain     : Will secure any request with [org.springframework.security.web.context.request.async.WebAsyncManagerIntegrationFilter@3213702c, org.springframework.security.web.context.SecurityContextPersistenceFilter@ce996d8, org.springframework.security.web.header.HeaderWriterFilter@56fb6366, org.springframework.security.web.csrf.CsrfFilter@66667614, org.springframework.security.web.authentication.logout.LogoutFilter@32f9d78f, org.springframework.security.web.authentication.UsernamePasswordAuthenticationFilter@28bc7435, org.springframework.security.web.savedrequest.RequestCacheAwareFilter@7285d4c7, org.springframework.security.web.servletapi.SecurityContextHolderAwareRequestFilter@7f6879a2, org.springframework.security.web.authentication.rememberme.RememberMeAuthenticationFilter@5580acbe, org.springframework.security.web.authentication.AnonymousAuthenticationFilter@5f45946f, org.springframework.security.web.session.SessionManagementFilter@596a9d37, org.springframework.security.web.access.ExceptionTranslationFilter@3cd84953, org.springframework.security.web.access.intercept.FilterSecurityInterceptor@45f519d8]
2021-09-30 22:45:29.447  INFO 1780 --- [restartedMain] o.s.s.concurrent.ThreadPoolTaskExecutor  : Initializing ExecutorService 'applicationTaskExecutor'
2021-09-30 22:45:29.467  INFO 1780 --- [restartedMain] o.s.b.a.w.s.WelcomePageHandlerMapping    : Adding welcome page template: index
2021-09-30 22:45:29.970  INFO 1780 --- [restartedMain] o.s.b.w.embedded.tomcat.TomcatWebServer  : Tomcat started on port(s): 8090 (http) with context path '/ShopmeAdmin'
2021-09-30 22:45:30.124  INFO 1780 --- [restartedMain] c.shopme.admin.ShopmeBackEndApplication  : Started ShopmeBackEndApplication in 2.015 seconds (JVM running for 181486.517)
2021-09-30 22:45:30.125  INFO 1780 --- [restartedMain] .ConditionEvaluationDeltaLoggingListener : Condition evaluation unchanged
2021-09-30 22:59:15.211  INFO 1780 --- [Thread-31] o.s.s.concurrent.ThreadPoolTaskExecutor  : Shutting down ExecutorService 'applicationTaskExecutor'
2021-09-30 22:59:15.213  INFO 1780 --- [Thread-31] j.LocalContainerEntityManagerFactoryBean : Closing JPA EntityManagerFactory for persistence unit 'default'
2021-09-30 22:59:15.216  INFO 1780 --- [Thread-31] com.zaxxer.hikari.HikariDataSource       : HikariPool-5 - Shutdown initiated...
2021-09-30 22:59:15.219  INFO 1780 --- [Thread-31] com.zaxxer.hikari.HikariDataSource       : HikariPool-5 - Shutdown completed.
2021-09-30 22:59:15.551  INFO 1780 --- [restartedMain] c.shopme.admin.ShopmeBackEndApplication  : Starting ShopmeBackEndApplication using Java 15.0.2 on LAPTOP-NBIBL59J with PID 1780 (C:\Users\Acer\Documents\workspace-spring-tool-suite-4-4.10.0.RELEASE\ShopmeProject1\ShopmeWebParent1\ShopmeBackEnd1\target\classes started by Acer in C:\Users\Acer\Documents\workspace-spring-tool-suite-4-4.10.0.RELEASE\ShopmeProject1\ShopmeWebParent1\ShopmeBackEnd1)
2021-09-30 22:59:15.552  INFO 1780 --- [restartedMain] c.shopme.admin.ShopmeBackEndApplication  : No active profile set, falling back to default profiles: default
2021-09-30 22:59:15.986  INFO 1780 --- [restartedMain] .s.d.r.c.RepositoryConfigurationDelegate : Bootstrapping Spring Data JPA repositories in DEFAULT mode.
2021-09-30 22:59:16.011  INFO 1780 --- [restartedMain] .s.d.r.c.RepositoryConfigurationDelegate : Finished Spring Data repository scanning in 24 ms. Found 3 JPA repository interfaces.
2021-09-30 22:59:16.111  INFO 1780 --- [restartedMain] o.s.cloud.context.scope.GenericScope     : BeanFactory id=4f5f1ce9-a894-341b-8712-ada006eaa5aa
2021-09-30 22:59:16.280  INFO 1780 --- [restartedMain] o.s.b.w.embedded.tomcat.TomcatWebServer  : Tomcat initialized with port(s): 8090 (http)
2021-09-30 22:59:16.281  INFO 1780 --- [restartedMain] o.apache.catalina.core.StandardService   : Starting service [Tomcat]
2021-09-30 22:59:16.282  INFO 1780 --- [restartedMain] org.apache.catalina.core.StandardEngine  : Starting Servlet engine: [Apache Tomcat/9.0.45]
2021-09-30 22:59:16.349  INFO 1780 --- [restartedMain] o.a.c.c.C.[.[localhost].[/ShopmeAdmin]   : Initializing Spring embedded WebApplicationContext
2021-09-30 22:59:16.350  INFO 1780 --- [restartedMain] w.s.c.ServletWebServerApplicationContext : Root WebApplicationContext: initialization completed in 793 ms
2021-09-30 22:59:16.426  INFO 1780 --- [restartedMain] o.hibernate.jpa.internal.util.LogHelper  : HHH000204: Processing PersistenceUnitInfo [name: default]
2021-09-30 22:59:16.437  INFO 1780 --- [restartedMain] com.zaxxer.hikari.HikariDataSource       : HikariPool-6 - Starting...
2021-09-30 22:59:16.448  INFO 1780 --- [restartedMain] com.zaxxer.hikari.HikariDataSource       : HikariPool-6 - Start completed.
2021-09-30 22:59:16.449  INFO 1780 --- [restartedMain] org.hibernate.dialect.Dialect            : HHH000400: Using dialect: org.hibernate.dialect.MySQL8Dialect
2021-09-30 22:59:16.478  INFO 1780 --- [restartedMain] org.hibernate.tuple.PojoInstantiator     : HHH000182: No default (no-argument) constructor for class: com.shopme.common.entity.Category (class must be instantiated by Interceptor)
2021-09-30 22:59:16.639  INFO 1780 --- [restartedMain] o.h.e.t.j.p.i.JtaPlatformInitiator       : HHH000490: Using JtaPlatform implementation: [org.hibernate.engine.transaction.jta.platform.internal.NoJtaPlatform]
2021-09-30 22:59:16.642  INFO 1780 --- [restartedMain] j.LocalContainerEntityManagerFactoryBean : Initialized JPA EntityManagerFactory for persistence unit 'default'
2021-09-30 22:59:16.667  INFO 1780 --- [restartedMain] o.s.b.d.a.OptionalLiveReloadServer       : LiveReload server is running on port 35729
2021-09-30 22:59:16.767  WARN 1780 --- [restartedMain] JpaBaseConfiguration$JpaWebConfiguration : spring.jpa.open-in-view is enabled by default. Therefore, database queries may be performed during view rendering. Explicitly configure spring.jpa.open-in-view to disable this warning
2021-09-30 22:59:16.808  INFO 1780 --- [restartedMain] o.s.s.web.DefaultSecurityFilterChain     : Will secure Ant [pattern='/images/**'] with []
2021-09-30 22:59:16.808  INFO 1780 --- [restartedMain] o.s.s.web.DefaultSecurityFilterChain     : Will secure Ant [pattern='/js/**'] with []
2021-09-30 22:59:16.808  INFO 1780 --- [restartedMain] o.s.s.web.DefaultSecurityFilterChain     : Will secure Ant [pattern='/webjars/**'] with []
2021-09-30 22:59:16.817  INFO 1780 --- [restartedMain] o.s.s.web.DefaultSecurityFilterChain     : Will secure any request with [org.springframework.security.web.context.request.async.WebAsyncManagerIntegrationFilter@1c2fef5f, org.springframework.security.web.context.SecurityContextPersistenceFilter@24974d8e, org.springframework.security.web.header.HeaderWriterFilter@41e797f4, org.springframework.security.web.csrf.CsrfFilter@33de3601, org.springframework.security.web.authentication.logout.LogoutFilter@590e84a8, org.springframework.security.web.authentication.UsernamePasswordAuthenticationFilter@2fc9f879, org.springframework.security.web.savedrequest.RequestCacheAwareFilter@4402b46, org.springframework.security.web.servletapi.SecurityContextHolderAwareRequestFilter@79e5440d, org.springframework.security.web.authentication.rememberme.RememberMeAuthenticationFilter@239d30fc, org.springframework.security.web.authentication.AnonymousAuthenticationFilter@4c1b42be, org.springframework.security.web.session.SessionManagementFilter@663b1176, org.springframework.security.web.access.ExceptionTranslationFilter@4f9dfd5f, org.springframework.security.web.access.intercept.FilterSecurityInterceptor@7db5aa3e]
2021-09-30 22:59:16.857  INFO 1780 --- [restartedMain] o.s.s.concurrent.ThreadPoolTaskExecutor  : Initializing ExecutorService 'applicationTaskExecutor'
2021-09-30 22:59:16.878  INFO 1780 --- [restartedMain] o.s.b.a.w.s.WelcomePageHandlerMapping    : Adding welcome page template: index
2021-09-30 22:59:17.658  INFO 1780 --- [restartedMain] o.s.b.w.embedded.tomcat.TomcatWebServer  : Tomcat started on port(s): 8090 (http) with context path '/ShopmeAdmin'
2021-09-30 22:59:17.927  INFO 1780 --- [restartedMain] c.shopme.admin.ShopmeBackEndApplication  : Started ShopmeBackEndApplication in 2.613 seconds (JVM running for 182314.32)
2021-09-30 22:59:17.929  INFO 1780 --- [restartedMain] .ConditionEvaluationDeltaLoggingListener : Condition evaluation unchanged
2021-09-30 23:04:45.206  INFO 1780 --- [Thread-38] o.s.s.concurrent.ThreadPoolTaskExecutor  : Shutting down ExecutorService 'applicationTaskExecutor'
2021-09-30 23:04:45.207  INFO 1780 --- [Thread-38] j.LocalContainerEntityManagerFactoryBean : Closing JPA EntityManagerFactory for persistence unit 'default'
2021-09-30 23:04:45.208  INFO 1780 --- [Thread-38] com.zaxxer.hikari.HikariDataSource       : HikariPool-6 - Shutdown initiated...
2021-09-30 23:04:45.210  INFO 1780 --- [Thread-38] com.zaxxer.hikari.HikariDataSource       : HikariPool-6 - Shutdown completed.
2021-09-30 23:04:45.498  INFO 1780 --- [restartedMain] c.shopme.admin.ShopmeBackEndApplication  : Starting ShopmeBackEndApplication using Java 15.0.2 on LAPTOP-NBIBL59J with PID 1780 (C:\Users\Acer\Documents\workspace-spring-tool-suite-4-4.10.0.RELEASE\ShopmeProject1\ShopmeWebParent1\ShopmeBackEnd1\target\classes started by Acer in C:\Users\Acer\Documents\workspace-spring-tool-suite-4-4.10.0.RELEASE\ShopmeProject1\ShopmeWebParent1\ShopmeBackEnd1)
2021-09-30 23:04:45.499  INFO 1780 --- [restartedMain] c.shopme.admin.ShopmeBackEndApplication  : No active profile set, falling back to default profiles: default
2021-09-30 23:04:46.062  INFO 1780 --- [restartedMain] .s.d.r.c.RepositoryConfigurationDelegate : Bootstrapping Spring Data JPA repositories in DEFAULT mode.
2021-09-30 23:04:46.086  INFO 1780 --- [restartedMain] .s.d.r.c.RepositoryConfigurationDelegate : Finished Spring Data repository scanning in 23 ms. Found 3 JPA repository interfaces.
2021-09-30 23:04:46.160  INFO 1780 --- [restartedMain] o.s.cloud.context.scope.GenericScope     : BeanFactory id=4f5f1ce9-a894-341b-8712-ada006eaa5aa
2021-09-30 23:04:46.296  INFO 1780 --- [restartedMain] o.s.b.w.embedded.tomcat.TomcatWebServer  : Tomcat initialized with port(s): 8090 (http)
2021-09-30 23:04:46.297  INFO 1780 --- [restartedMain] o.apache.catalina.core.StandardService   : Starting service [Tomcat]
2021-09-30 23:04:46.297  INFO 1780 --- [restartedMain] org.apache.catalina.core.StandardEngine  : Starting Servlet engine: [Apache Tomcat/9.0.45]
2021-09-30 23:04:46.366  INFO 1780 --- [restartedMain] o.a.c.c.C.[.[localhost].[/ShopmeAdmin]   : Initializing Spring embedded WebApplicationContext
2021-09-30 23:04:46.367  INFO 1780 --- [restartedMain] w.s.c.ServletWebServerApplicationContext : Root WebApplicationContext: initialization completed in 858 ms
2021-09-30 23:04:46.475  INFO 1780 --- [restartedMain] o.hibernate.jpa.internal.util.LogHelper  : HHH000204: Processing PersistenceUnitInfo [name: default]
2021-09-30 23:04:46.496  INFO 1780 --- [restartedMain] com.zaxxer.hikari.HikariDataSource       : HikariPool-7 - Starting...
2021-09-30 23:04:46.501  INFO 1780 --- [restartedMain] com.zaxxer.hikari.HikariDataSource       : HikariPool-7 - Start completed.
2021-09-30 23:04:46.501  INFO 1780 --- [restartedMain] org.hibernate.dialect.Dialect            : HHH000400: Using dialect: org.hibernate.dialect.MySQL8Dialect
2021-09-30 23:04:46.526  INFO 1780 --- [restartedMain] org.hibernate.tuple.PojoInstantiator     : HHH000182: No default (no-argument) constructor for class: com.shopme.common.entity.Category (class must be instantiated by Interceptor)
2021-09-30 23:04:46.628  INFO 1780 --- [restartedMain] o.h.e.t.j.p.i.JtaPlatformInitiator       : HHH000490: Using JtaPlatform implementation: [org.hibernate.engine.transaction.jta.platform.internal.NoJtaPlatform]
2021-09-30 23:04:46.630  INFO 1780 --- [restartedMain] j.LocalContainerEntityManagerFactoryBean : Initialized JPA EntityManagerFactory for persistence unit 'default'
2021-09-30 23:04:46.657  INFO 1780 --- [restartedMain] o.s.b.d.a.OptionalLiveReloadServer       : LiveReload server is running on port 35729
2021-09-30 23:04:46.770  WARN 1780 --- [restartedMain] JpaBaseConfiguration$JpaWebConfiguration : spring.jpa.open-in-view is enabled by default. Therefore, database queries may be performed during view rendering. Explicitly configure spring.jpa.open-in-view to disable this warning
2021-09-30 23:04:46.821  INFO 1780 --- [restartedMain] o.s.s.web.DefaultSecurityFilterChain     : Will secure Ant [pattern='/images/**'] with []
2021-09-30 23:04:46.822  INFO 1780 --- [restartedMain] o.s.s.web.DefaultSecurityFilterChain     : Will secure Ant [pattern='/js/**'] with []
2021-09-30 23:04:46.823  INFO 1780 --- [restartedMain] o.s.s.web.DefaultSecurityFilterChain     : Will secure Ant [pattern='/webjars/**'] with []
2021-09-30 23:04:46.833  INFO 1780 --- [restartedMain] o.s.s.web.DefaultSecurityFilterChain     : Will secure any request with [org.springframework.security.web.context.request.async.WebAsyncManagerIntegrationFilter@2520a63, org.springframework.security.web.context.SecurityContextPersistenceFilter@7d7ff9b2, org.springframework.security.web.header.HeaderWriterFilter@46622ad1, org.springframework.security.web.csrf.CsrfFilter@59ab5be4, org.springframework.security.web.authentication.logout.LogoutFilter@b0704a4, org.springframework.security.web.authentication.UsernamePasswordAuthenticationFilter@3ed662c3, org.springframework.security.web.savedrequest.RequestCacheAwareFilter@672a8cb3, org.springframework.security.web.servletapi.SecurityContextHolderAwareRequestFilter@30490625, org.springframework.security.web.authentication.rememberme.RememberMeAuthenticationFilter@f48a581, org.springframework.security.web.authentication.AnonymousAuthenticationFilter@76afefba, org.springframework.security.web.session.SessionManagementFilter@7e08e9ec, org.springframework.security.web.access.ExceptionTranslationFilter@1a37d8b, org.springframework.security.web.access.intercept.FilterSecurityInterceptor@24aa147f]
2021-09-30 23:04:46.876  INFO 1780 --- [restartedMain] o.s.s.concurrent.ThreadPoolTaskExecutor  : Initializing ExecutorService 'applicationTaskExecutor'
2021-09-30 23:04:46.897  INFO 1780 --- [restartedMain] o.s.b.a.w.s.WelcomePageHandlerMapping    : Adding welcome page template: index
2021-09-30 23:04:47.381  INFO 1780 --- [restartedMain] o.s.b.w.embedded.tomcat.TomcatWebServer  : Tomcat started on port(s): 8090 (http) with context path '/ShopmeAdmin'
2021-09-30 23:04:47.520  INFO 1780 --- [restartedMain] c.shopme.admin.ShopmeBackEndApplication  : Started ShopmeBackEndApplication in 2.233 seconds (JVM running for 182643.913)
2021-09-30 23:04:47.523  INFO 1780 --- [restartedMain] .ConditionEvaluationDeltaLoggingListener : Condition evaluation unchanged
2021-09-30 23:06:05.663  INFO 1780 --- [Thread-45] o.s.s.concurrent.ThreadPoolTaskExecutor  : Shutting down ExecutorService 'applicationTaskExecutor'
2021-09-30 23:06:05.664  INFO 1780 --- [Thread-45] j.LocalContainerEntityManagerFactoryBean : Closing JPA EntityManagerFactory for persistence unit 'default'
2021-09-30 23:06:05.665  INFO 1780 --- [Thread-45] com.zaxxer.hikari.HikariDataSource       : HikariPool-7 - Shutdown initiated...
2021-09-30 23:06:05.666  INFO 1780 --- [Thread-45] com.zaxxer.hikari.HikariDataSource       : HikariPool-7 - Shutdown completed.
2021-09-30 23:06:05.935  INFO 1780 --- [restartedMain] c.shopme.admin.ShopmeBackEndApplication  : Starting ShopmeBackEndApplication using Java 15.0.2 on LAPTOP-NBIBL59J with PID 1780 (C:\Users\Acer\Documents\workspace-spring-tool-suite-4-4.10.0.RELEASE\ShopmeProject1\ShopmeWebParent1\ShopmeBackEnd1\target\classes started by Acer in C:\Users\Acer\Documents\workspace-spring-tool-suite-4-4.10.0.RELEASE\ShopmeProject1\ShopmeWebParent1\ShopmeBackEnd1)
2021-09-30 23:06:05.936  INFO 1780 --- [restartedMain] c.shopme.admin.ShopmeBackEndApplication  : No active profile set, falling back to default profiles: default
2021-09-30 23:06:06.362  INFO 1780 --- [restartedMain] .s.d.r.c.RepositoryConfigurationDelegate : Bootstrapping Spring Data JPA repositories in DEFAULT mode.
2021-09-30 23:06:06.410  INFO 1780 --- [restartedMain] .s.d.r.c.RepositoryConfigurationDelegate : Finished Spring Data repository scanning in 47 ms. Found 3 JPA repository interfaces.
2021-09-30 23:06:06.590  INFO 1780 --- [restartedMain] o.s.cloud.context.scope.GenericScope     : BeanFactory id=4f5f1ce9-a894-341b-8712-ada006eaa5aa
2021-09-30 23:06:06.705  INFO 1780 --- [restartedMain] o.s.b.w.embedded.tomcat.TomcatWebServer  : Tomcat initialized with port(s): 8090 (http)
2021-09-30 23:06:06.706  INFO 1780 --- [restartedMain] o.apache.catalina.core.StandardService   : Starting service [Tomcat]
2021-09-30 23:06:06.706  INFO 1780 --- [restartedMain] org.apache.catalina.core.StandardEngine  : Starting Servlet engine: [Apache Tomcat/9.0.45]
2021-09-30 23:06:06.750  INFO 1780 --- [restartedMain] o.a.c.c.C.[.[localhost].[/ShopmeAdmin]   : Initializing Spring embedded WebApplicationContext
2021-09-30 23:06:06.751  INFO 1780 --- [restartedMain] w.s.c.ServletWebServerApplicationContext : Root WebApplicationContext: initialization completed in 810 ms
2021-09-30 23:06:06.823  INFO 1780 --- [restartedMain] o.hibernate.jpa.internal.util.LogHelper  : HHH000204: Processing PersistenceUnitInfo [name: default]
2021-09-30 23:06:06.831  INFO 1780 --- [restartedMain] com.zaxxer.hikari.HikariDataSource       : HikariPool-8 - Starting...
2021-09-30 23:06:06.834  INFO 1780 --- [restartedMain] com.zaxxer.hikari.HikariDataSource       : HikariPool-8 - Start completed.
2021-09-30 23:06:06.835  INFO 1780 --- [restartedMain] org.hibernate.dialect.Dialect            : HHH000400: Using dialect: org.hibernate.dialect.MySQL8Dialect
2021-09-30 23:06:06.857  INFO 1780 --- [restartedMain] org.hibernate.tuple.PojoInstantiator     : HHH000182: No default (no-argument) constructor for class: com.shopme.common.entity.Category (class must be instantiated by Interceptor)
2021-09-30 23:06:06.952  INFO 1780 --- [restartedMain] o.h.e.t.j.p.i.JtaPlatformInitiator       : HHH000490: Using JtaPlatform implementation: [org.hibernate.engine.transaction.jta.platform.internal.NoJtaPlatform]
2021-09-30 23:06:06.953  INFO 1780 --- [restartedMain] j.LocalContainerEntityManagerFactoryBean : Initialized JPA EntityManagerFactory for persistence unit 'default'
2021-09-30 23:06:06.980  INFO 1780 --- [restartedMain] o.s.b.d.a.OptionalLiveReloadServer       : LiveReload server is running on port 35729
2021-09-30 23:06:07.106  WARN 1780 --- [restartedMain] JpaBaseConfiguration$JpaWebConfiguration : spring.jpa.open-in-view is enabled by default. Therefore, database queries may be performed during view rendering. Explicitly configure spring.jpa.open-in-view to disable this warning
2021-09-30 23:06:07.150  INFO 1780 --- [restartedMain] o.s.s.web.DefaultSecurityFilterChain     : Will secure Ant [pattern='/images/**'] with []
2021-09-30 23:06:07.151  INFO 1780 --- [restartedMain] o.s.s.web.DefaultSecurityFilterChain     : Will secure Ant [pattern='/js/**'] with []
2021-09-30 23:06:07.151  INFO 1780 --- [restartedMain] o.s.s.web.DefaultSecurityFilterChain     : Will secure Ant [pattern='/webjars/**'] with []
2021-09-30 23:06:07.162  INFO 1780 --- [restartedMain] o.s.s.web.DefaultSecurityFilterChain     : Will secure any request with [org.springframework.security.web.context.request.async.WebAsyncManagerIntegrationFilter@241abfa8, org.springframework.security.web.context.SecurityContextPersistenceFilter@5de6438, org.springframework.security.web.header.HeaderWriterFilter@56ee9029, org.springframework.security.web.csrf.CsrfFilter@40c19015, org.springframework.security.web.authentication.logout.LogoutFilter@8b8358d, org.springframework.security.web.authentication.UsernamePasswordAuthenticationFilter@656f9a9b, org.springframework.security.web.savedrequest.RequestCacheAwareFilter@ddf4cbc, org.springframework.security.web.servletapi.SecurityContextHolderAwareRequestFilter@2f92eaf6, org.springframework.security.web.authentication.rememberme.RememberMeAuthenticationFilter@55688eb8, org.springframework.security.web.authentication.AnonymousAuthenticationFilter@6c835862, org.springframework.security.web.session.SessionManagementFilter@4953043f, org.springframework.security.web.access.ExceptionTranslationFilter@2205519e, org.springframework.security.web.access.intercept.FilterSecurityInterceptor@5f82ea7b]
2021-09-30 23:06:07.208  INFO 1780 --- [restartedMain] o.s.s.concurrent.ThreadPoolTaskExecutor  : Initializing ExecutorService 'applicationTaskExecutor'
2021-09-30 23:06:07.239  INFO 1780 --- [restartedMain] o.s.b.a.w.s.WelcomePageHandlerMapping    : Adding welcome page template: index
2021-09-30 23:06:08.004  INFO 1780 --- [restartedMain] o.s.b.w.embedded.tomcat.TomcatWebServer  : Tomcat started on port(s): 8090 (http) with context path '/ShopmeAdmin'
2021-09-30 23:06:08.182  INFO 1780 --- [restartedMain] c.shopme.admin.ShopmeBackEndApplication  : Started ShopmeBackEndApplication in 2.457 seconds (JVM running for 182724.575)
2021-09-30 23:06:08.219  INFO 1780 --- [restartedMain] .ConditionEvaluationDeltaLoggingListener : Condition evaluation unchanged
2021-09-30 23:06:22.813  INFO 3112 --- [main] c.s.a.category.CategoryRepositoryTests   : Starting CategoryRepositoryTests using Java 15.0.2 on LAPTOP-NBIBL59J with PID 3112 (started by Acer in C:\Users\Acer\Documents\workspace-spring-tool-suite-4-4.10.0.RELEASE\ShopmeProject1\ShopmeWebParent1\ShopmeBackEnd1)
2021-09-30 23:06:22.816  INFO 3112 --- [main] c.s.a.category.CategoryRepositoryTests   : No active profile set, falling back to default profiles: default
2021-09-30 23:06:23.568  INFO 3112 --- [main] .s.d.r.c.RepositoryConfigurationDelegate : Bootstrapping Spring Data JPA repositories in DEFAULT mode.
2021-09-30 23:06:23.669  INFO 3112 --- [main] .s.d.r.c.RepositoryConfigurationDelegate : Finished Spring Data repository scanning in 89 ms. Found 3 JPA repository interfaces.
2021-09-30 23:06:24.524  INFO 3112 --- [main] o.hibernate.jpa.internal.util.LogHelper  : HHH000204: Processing PersistenceUnitInfo [name: default]
2021-09-30 23:06:24.636  INFO 3112 --- [main] org.hibernate.Version                    : HHH000412: Hibernate ORM core version 5.4.30.Final
2021-09-30 23:06:24.925  INFO 3112 --- [main] o.hibernate.annotations.common.Version   : HCANN000001: Hibernate Commons Annotations {5.1.2.Final}
2021-09-30 23:06:25.283  INFO 3112 --- [main] com.zaxxer.hikari.HikariDataSource       : HikariPool-1 - Starting...
2021-09-30 23:06:25.609  INFO 3112 --- [main] com.zaxxer.hikari.HikariDataSource       : HikariPool-1 - Start completed.
2021-09-30 23:06:25.637  INFO 3112 --- [main] org.hibernate.dialect.Dialect            : HHH000400: Using dialect: org.hibernate.dialect.MySQL8Dialect
2021-09-30 23:06:26.270  INFO 3112 --- [main] org.hibernate.tuple.PojoInstantiator     : HHH000182: No default (no-argument) constructor for class: com.shopme.common.entity.Category (class must be instantiated by Interceptor)
2021-09-30 23:06:26.923  INFO 3112 --- [main] o.h.e.t.j.p.i.JtaPlatformInitiator       : HHH000490: Using JtaPlatform implementation: [org.hibernate.engine.transaction.jta.platform.internal.NoJtaPlatform]
2021-09-30 23:06:26.950  INFO 3112 --- [main] j.LocalContainerEntityManagerFactoryBean : Initialized JPA EntityManagerFactory for persistence unit 'default'
2021-09-30 23:06:28.141  INFO 3112 --- [main] c.s.a.category.CategoryRepositoryTests   : Started CategoryRepositoryTests in 6.411 seconds (JVM running for 8.974)
2021-09-30 23:06:28.177  INFO 3112 --- [main] o.s.t.c.transaction.TransactionContext   : Began transaction (1) for test context [DefaultTestContext@45312be2 testClass = CategoryRepositoryTests, testInstance = com.shopme.admin.category.CategoryRepositoryTests@32a68f4f, testMethod = testCreateRootCategory@CategoryRepositoryTests, testException = [null], mergedContextConfiguration = [MergedContextConfiguration@7fb95505 testClass = CategoryRepositoryTests, locations = '{}', classes = '{class com.shopme.admin.ShopmeBackEndApplication}', contextInitializerClasses = '[]', activeProfiles = '{}', propertySourceLocations = '{}', propertySourceProperties = '{org.springframework.boot.test.autoconfigure.orm.jpa.DataJpaTestContextBootstrapper=true}', contextCustomizers = set[[ImportsContextCustomizer@58be6e8 key = [org.springframework.boot.autoconfigure.cache.CacheAutoConfiguration, org.springframework.boot.autoconfigure.data.jpa.JpaRepositoriesAutoConfiguration, org.springframework.boot.autoconfigure.flyway.FlywayAutoConfiguration, org.springframework.boot.autoconfigure.jdbc.DataSourceAutoConfiguration, org.springframework.boot.autoconfigure.jdbc.DataSourceTransactionManagerAutoConfiguration, org.springframework.boot.autoconfigure.jdbc.JdbcTemplateAutoConfiguration, org.springframework.boot.autoconfigure.liquibase.LiquibaseAutoConfiguration, org.springframework.boot.autoconfigure.orm.jpa.HibernateJpaAutoConfiguration, org.springframework.boot.autoconfigure.transaction.TransactionAutoConfiguration, org.springframework.boot.test.autoconfigure.jdbc.TestDatabaseAutoConfiguration, org.springframework.boot.test.autoconfigure.orm.jpa.TestEntityManagerAutoConfiguration]], org.springframework.boot.test.context.filter.ExcludeFilterContextCustomizer@64ec96c6, org.springframework.boot.test.json.DuplicateJsonObjectContextCustomizerFactory$DuplicateJsonObjectContextCustomizer@1e13529a, org.springframework.boot.test.mock.mockito.MockitoContextCustomizer@0, org.springframework.boot.test.autoconfigure.OverrideAutoConfigurationContextCustomizerFactory$DisableAutoConfigurationContextCustomizer@4bbf6d0e, org.springframework.boot.test.autoconfigure.actuate.metrics.MetricsExportContextCustomizerFactory$DisableMetricExportContextCustomizer@13bc8645, org.springframework.boot.test.autoconfigure.filter.TypeExcludeFiltersContextCustomizer@351584c0, org.springframework.boot.test.autoconfigure.properties.PropertyMappingContextCustomizer@1a65a777, org.springframework.boot.test.autoconfigure.web.servlet.WebDriverContextCustomizerFactory$Customizer@895e367, org.springframework.boot.test.context.SpringBootTestArgs@1, org.springframework.boot.test.context.SpringBootTestWebEnvironment@0], contextLoader = 'org.springframework.boot.test.context.SpringBootContextLoader', parent = [null]], attributes = map['org.springframework.test.context.event.ApplicationEventsTestExecutionListener.recordApplicationEvents' -> false]]; transaction manager [org.springframework.orm.jpa.JpaTransactionManager@f591271]; rollback [false]
2021-09-30 23:06:28.674  INFO 3112 --- [main] o.s.t.c.transaction.TransactionContext   : Committed transaction for test: [DefaultTestContext@45312be2 testClass = CategoryRepositoryTests, testInstance = com.shopme.admin.category.CategoryRepositoryTests@32a68f4f, testMethod = testCreateRootCategory@CategoryRepositoryTests, testException = [null], mergedContextConfiguration = [MergedContextConfiguration@7fb95505 testClass = CategoryRepositoryTests, locations = '{}', classes = '{class com.shopme.admin.ShopmeBackEndApplication}', contextInitializerClasses = '[]', activeProfiles = '{}', propertySourceLocations = '{}', propertySourceProperties = '{org.springframework.boot.test.autoconfigure.orm.jpa.DataJpaTestContextBootstrapper=true}', contextCustomizers = set[[ImportsContextCustomizer@58be6e8 key = [org.springframework.boot.autoconfigure.cache.CacheAutoConfiguration, org.springframework.boot.autoconfigure.data.jpa.JpaRepositoriesAutoConfiguration, org.springframework.boot.autoconfigure.flyway.FlywayAutoConfiguration, org.springframework.boot.autoconfigure.jdbc.DataSourceAutoConfiguration, org.springframework.boot.autoconfigure.jdbc.DataSourceTransactionManagerAutoConfiguration, org.springframework.boot.autoconfigure.jdbc.JdbcTemplateAutoConfiguration, org.springframework.boot.autoconfigure.liquibase.LiquibaseAutoConfiguration, org.springframework.boot.autoconfigure.orm.jpa.HibernateJpaAutoConfiguration, org.springframework.boot.autoconfigure.transaction.TransactionAutoConfiguration, org.springframework.boot.test.autoconfigure.jdbc.TestDatabaseAutoConfiguration, org.springframework.boot.test.autoconfigure.orm.jpa.TestEntityManagerAutoConfiguration]], org.springframework.boot.test.context.filter.ExcludeFilterContextCustomizer@64ec96c6, org.springframework.boot.test.json.DuplicateJsonObjectContextCustomizerFactory$DuplicateJsonObjectContextCustomizer@1e13529a, org.springframework.boot.test.mock.mockito.MockitoContextCustomizer@0, org.springframework.boot.test.autoconfigure.OverrideAutoConfigurationContextCustomizerFactory$DisableAutoConfigurationContextCustomizer@4bbf6d0e, org.springframework.boot.test.autoconfigure.actuate.metrics.MetricsExportContextCustomizerFactory$DisableMetricExportContextCustomizer@13bc8645, org.springframework.boot.test.autoconfigure.filter.TypeExcludeFiltersContextCustomizer@351584c0, org.springframework.boot.test.autoconfigure.properties.PropertyMappingContextCustomizer@1a65a777, org.springframework.boot.test.autoconfigure.web.servlet.WebDriverContextCustomizerFactory$Customizer@895e367, org.springframework.boot.test.context.SpringBootTestArgs@1, org.springframework.boot.test.context.SpringBootTestWebEnvironment@0], contextLoader = 'org.springframework.boot.test.context.SpringBootContextLoader', parent = [null]], attributes = map['org.springframework.test.context.event.ApplicationEventsTestExecutionListener.recordApplicationEvents' -> false]]
2021-09-30 23:06:28.709  INFO 3112 --- [SpringContextShutdownHook] j.LocalContainerEntityManagerFactoryBean : Closing JPA EntityManagerFactory for persistence unit 'default'
2021-09-30 23:06:28.713  INFO 3112 --- [SpringContextShutdownHook] com.zaxxer.hikari.HikariDataSource       : HikariPool-1 - Shutdown initiated...
2021-09-30 23:06:28.729  INFO 3112 --- [SpringContextShutdownHook] com.zaxxer.hikari.HikariDataSource       : HikariPool-1 - Shutdown completed.
2021-09-30 23:08:04.129  INFO 9648 --- [main] c.s.a.category.CategoryRepositoryTests   : Starting CategoryRepositoryTests using Java 15.0.2 on LAPTOP-NBIBL59J with PID 9648 (started by Acer in C:\Users\Acer\Documents\workspace-spring-tool-suite-4-4.10.0.RELEASE\ShopmeProject1\ShopmeWebParent1\ShopmeBackEnd1)
2021-09-30 23:08:04.133  INFO 9648 --- [main] c.s.a.category.CategoryRepositoryTests   : No active profile set, falling back to default profiles: default
2021-09-30 23:08:04.770  INFO 9648 --- [main] .s.d.r.c.RepositoryConfigurationDelegate : Bootstrapping Spring Data JPA repositories in DEFAULT mode.
2021-09-30 23:08:04.869  INFO 9648 --- [main] .s.d.r.c.RepositoryConfigurationDelegate : Finished Spring Data repository scanning in 84 ms. Found 3 JPA repository interfaces.
2021-09-30 23:08:05.829  INFO 9648 --- [main] o.hibernate.jpa.internal.util.LogHelper  : HHH000204: Processing PersistenceUnitInfo [name: default]
2021-09-30 23:08:05.926  INFO 9648 --- [main] org.hibernate.Version                    : HHH000412: Hibernate ORM core version 5.4.30.Final
2021-09-30 23:08:06.172  INFO 9648 --- [main] o.hibernate.annotations.common.Version   : HCANN000001: Hibernate Commons Annotations {5.1.2.Final}
2021-09-30 23:08:06.489  INFO 9648 --- [main] com.zaxxer.hikari.HikariDataSource       : HikariPool-1 - Starting...
2021-09-30 23:08:06.776  INFO 9648 --- [main] com.zaxxer.hikari.HikariDataSource       : HikariPool-1 - Start completed.
2021-09-30 23:08:06.804  INFO 9648 --- [main] org.hibernate.dialect.Dialect            : HHH000400: Using dialect: org.hibernate.dialect.MySQL8Dialect
2021-09-30 23:08:07.382  INFO 9648 --- [main] org.hibernate.tuple.PojoInstantiator     : HHH000182: No default (no-argument) constructor for class: com.shopme.common.entity.Category (class must be instantiated by Interceptor)
2021-09-30 23:08:08.032  INFO 9648 --- [main] o.h.e.t.j.p.i.JtaPlatformInitiator       : HHH000490: Using JtaPlatform implementation: [org.hibernate.engine.transaction.jta.platform.internal.NoJtaPlatform]
2021-09-30 23:08:08.051  INFO 9648 --- [main] j.LocalContainerEntityManagerFactoryBean : Initialized JPA EntityManagerFactory for persistence unit 'default'
2021-09-30 23:08:09.260  INFO 9648 --- [main] c.s.a.category.CategoryRepositoryTests   : Started CategoryRepositoryTests in 6.329 seconds (JVM running for 8.249)
2021-09-30 23:08:09.299  INFO 9648 --- [main] o.s.t.c.transaction.TransactionContext   : Began transaction (1) for test context [DefaultTestContext@5f354bcf testClass = CategoryRepositoryTests, testInstance = com.shopme.admin.category.CategoryRepositoryTests@6581dc0a, testMethod = testCreateRootCategory@CategoryRepositoryTests, testException = [null], mergedContextConfiguration = [MergedContextConfiguration@3daf7722 testClass = CategoryRepositoryTests, locations = '{}', classes = '{class com.shopme.admin.ShopmeBackEndApplication}', contextInitializerClasses = '[]', activeProfiles = '{}', propertySourceLocations = '{}', propertySourceProperties = '{org.springframework.boot.test.autoconfigure.orm.jpa.DataJpaTestContextBootstrapper=true}', contextCustomizers = set[[ImportsContextCustomizer@78641d23 key = [org.springframework.boot.autoconfigure.cache.CacheAutoConfiguration, org.springframework.boot.autoconfigure.data.jpa.JpaRepositoriesAutoConfiguration, org.springframework.boot.autoconfigure.flyway.FlywayAutoConfiguration, org.springframework.boot.autoconfigure.jdbc.DataSourceAutoConfiguration, org.springframework.boot.autoconfigure.jdbc.DataSourceTransactionManagerAutoConfiguration, org.springframework.boot.autoconfigure.jdbc.JdbcTemplateAutoConfiguration, org.springframework.boot.autoconfigure.liquibase.LiquibaseAutoConfiguration, org.springframework.boot.autoconfigure.orm.jpa.HibernateJpaAutoConfiguration, org.springframework.boot.autoconfigure.transaction.TransactionAutoConfiguration, org.springframework.boot.test.autoconfigure.jdbc.TestDatabaseAutoConfiguration, org.springframework.boot.test.autoconfigure.orm.jpa.TestEntityManagerAutoConfiguration]], org.springframework.boot.test.context.filter.ExcludeFilterContextCustomizer@3e78b6a5, org.springframework.boot.test.json.DuplicateJsonObjectContextCustomizerFactory$DuplicateJsonObjectContextCustomizer@7975d1d8, org.springframework.boot.test.mock.mockito.MockitoContextCustomizer@0, org.springframework.boot.test.autoconfigure.OverrideAutoConfigurationContextCustomizerFactory$DisableAutoConfigurationContextCustomizer@2f01783a, org.springframework.boot.test.autoconfigure.actuate.metrics.MetricsExportContextCustomizerFactory$DisableMetricExportContextCustomizer@7ac296f6, org.springframework.boot.test.autoconfigure.filter.TypeExcludeFiltersContextCustomizer@351584c0, org.springframework.boot.test.autoconfigure.properties.PropertyMappingContextCustomizer@89880aa3, org.springframework.boot.test.autoconfigure.web.servlet.WebDriverContextCustomizerFactory$Customizer@c667f46, org.springframework.boot.test.context.SpringBootTestArgs@1, org.springframework.boot.test.context.SpringBootTestWebEnvironment@0], contextLoader = 'org.springframework.boot.test.context.SpringBootContextLoader', parent = [null]], attributes = map['org.springframework.test.context.event.ApplicationEventsTestExecutionListener.recordApplicationEvents' -> false]]; transaction manager [org.springframework.orm.jpa.JpaTransactionManager@900649e]; rollback [false]
2021-09-30 23:08:09.759  INFO 9648 --- [main] o.s.t.c.transaction.TransactionContext   : Committed transaction for test: [DefaultTestContext@5f354bcf testClass = CategoryRepositoryTests, testInstance = com.shopme.admin.category.CategoryRepositoryTests@6581dc0a, testMethod = testCreateRootCategory@CategoryRepositoryTests, testException = [null], mergedContextConfiguration = [MergedContextConfiguration@3daf7722 testClass = CategoryRepositoryTests, locations = '{}', classes = '{class com.shopme.admin.ShopmeBackEndApplication}', contextInitializerClasses = '[]', activeProfiles = '{}', propertySourceLocations = '{}', propertySourceProperties = '{org.springframework.boot.test.autoconfigure.orm.jpa.DataJpaTestContextBootstrapper=true}', contextCustomizers = set[[ImportsContextCustomizer@78641d23 key = [org.springframework.boot.autoconfigure.cache.CacheAutoConfiguration, org.springframework.boot.autoconfigure.data.jpa.JpaRepositoriesAutoConfiguration, org.springframework.boot.autoconfigure.flyway.FlywayAutoConfiguration, org.springframework.boot.autoconfigure.jdbc.DataSourceAutoConfiguration, org.springframework.boot.autoconfigure.jdbc.DataSourceTransactionManagerAutoConfiguration, org.springframework.boot.autoconfigure.jdbc.JdbcTemplateAutoConfiguration, org.springframework.boot.autoconfigure.liquibase.LiquibaseAutoConfiguration, org.springframework.boot.autoconfigure.orm.jpa.HibernateJpaAutoConfiguration, org.springframework.boot.autoconfigure.transaction.TransactionAutoConfiguration, org.springframework.boot.test.autoconfigure.jdbc.TestDatabaseAutoConfiguration, org.springframework.boot.test.autoconfigure.orm.jpa.TestEntityManagerAutoConfiguration]], org.springframework.boot.test.context.filter.ExcludeFilterContextCustomizer@3e78b6a5, org.springframework.boot.test.json.DuplicateJsonObjectContextCustomizerFactory$DuplicateJsonObjectContextCustomizer@7975d1d8, org.springframework.boot.test.mock.mockito.MockitoContextCustomizer@0, org.springframework.boot.test.autoconfigure.OverrideAutoConfigurationContextCustomizerFactory$DisableAutoConfigurationContextCustomizer@2f01783a, org.springframework.boot.test.autoconfigure.actuate.metrics.MetricsExportContextCustomizerFactory$DisableMetricExportContextCustomizer@7ac296f6, org.springframework.boot.test.autoconfigure.filter.TypeExcludeFiltersContextCustomizer@351584c0, org.springframework.boot.test.autoconfigure.properties.PropertyMappingContextCustomizer@89880aa3, org.springframework.boot.test.autoconfigure.web.servlet.WebDriverContextCustomizerFactory$Customizer@c667f46, org.springframework.boot.test.context.SpringBootTestArgs@1, org.springframework.boot.test.context.SpringBootTestWebEnvironment@0], contextLoader = 'org.springframework.boot.test.context.SpringBootContextLoader', parent = [null]], attributes = map['org.springframework.test.context.event.ApplicationEventsTestExecutionListener.recordApplicationEvents' -> false]]
2021-09-30 23:08:09.774  INFO 9648 --- [SpringContextShutdownHook] j.LocalContainerEntityManagerFactoryBean : Closing JPA EntityManagerFactory for persistence unit 'default'
2021-09-30 23:08:09.777  INFO 9648 --- [SpringContextShutdownHook] com.zaxxer.hikari.HikariDataSource       : HikariPool-1 - Shutdown initiated...
2021-09-30 23:08:09.790  INFO 9648 --- [SpringContextShutdownHook] com.zaxxer.hikari.HikariDataSource       : HikariPool-1 - Shutdown completed.
2021-09-30 23:14:09.733  INFO 1780 --- [Thread-52] o.s.s.concurrent.ThreadPoolTaskExecutor  : Shutting down ExecutorService 'applicationTaskExecutor'
2021-09-30 23:14:09.798  INFO 1780 --- [Thread-52] j.LocalContainerEntityManagerFactoryBean : Closing JPA EntityManagerFactory for persistence unit 'default'
2021-09-30 23:14:09.930  INFO 1780 --- [Thread-52] com.zaxxer.hikari.HikariDataSource       : HikariPool-8 - Shutdown initiated...
2021-09-30 23:14:09.953  INFO 1780 --- [Thread-52] com.zaxxer.hikari.HikariDataSource       : HikariPool-8 - Shutdown completed.
2021-09-30 23:14:10.927  INFO 1780 --- [restartedMain] c.shopme.admin.ShopmeBackEndApplication  : Starting ShopmeBackEndApplication using Java 15.0.2 on LAPTOP-NBIBL59J with PID 1780 (C:\Users\Acer\Documents\workspace-spring-tool-suite-4-4.10.0.RELEASE\ShopmeProject1\ShopmeWebParent1\ShopmeBackEnd1\target\classes started by Acer in C:\Users\Acer\Documents\workspace-spring-tool-suite-4-4.10.0.RELEASE\ShopmeProject1\ShopmeWebParent1\ShopmeBackEnd1)
2021-09-30 23:14:10.927  INFO 1780 --- [restartedMain] c.shopme.admin.ShopmeBackEndApplication  : No active profile set, falling back to default profiles: default
2021-09-30 23:14:11.463  INFO 1780 --- [restartedMain] .s.d.r.c.RepositoryConfigurationDelegate : Bootstrapping Spring Data JPA repositories in DEFAULT mode.
2021-09-30 23:14:11.501  INFO 1780 --- [restartedMain] .s.d.r.c.RepositoryConfigurationDelegate : Finished Spring Data repository scanning in 37 ms. Found 3 JPA repository interfaces.
2021-09-30 23:14:11.736  INFO 1780 --- [restartedMain] o.s.cloud.context.scope.GenericScope     : BeanFactory id=4f5f1ce9-a894-341b-8712-ada006eaa5aa
2021-09-30 23:14:12.043  INFO 1780 --- [restartedMain] o.s.b.w.embedded.tomcat.TomcatWebServer  : Tomcat initialized with port(s): 8090 (http)
2021-09-30 23:14:12.043  INFO 1780 --- [restartedMain] o.apache.catalina.core.StandardService   : Starting service [Tomcat]
2021-09-30 23:14:12.043  INFO 1780 --- [restartedMain] org.apache.catalina.core.StandardEngine  : Starting Servlet engine: [Apache Tomcat/9.0.45]
2021-09-30 23:14:12.086  INFO 1780 --- [restartedMain] o.a.c.c.C.[.[localhost].[/ShopmeAdmin]   : Initializing Spring embedded WebApplicationContext
2021-09-30 23:14:12.086  INFO 1780 --- [restartedMain] w.s.c.ServletWebServerApplicationContext : Root WebApplicationContext: initialization completed in 1154 ms
2021-09-30 23:14:12.177  INFO 1780 --- [restartedMain] o.hibernate.jpa.internal.util.LogHelper  : HHH000204: Processing PersistenceUnitInfo [name: default]
2021-09-30 23:14:12.191  INFO 1780 --- [restartedMain] com.zaxxer.hikari.HikariDataSource       : HikariPool-9 - Starting...
2021-09-30 23:14:12.197  INFO 1780 --- [restartedMain] com.zaxxer.hikari.HikariDataSource       : HikariPool-9 - Start completed.
2021-09-30 23:14:12.198  INFO 1780 --- [restartedMain] org.hibernate.dialect.Dialect            : HHH000400: Using dialect: org.hibernate.dialect.MySQL8Dialect
2021-09-30 23:14:12.227  INFO 1780 --- [restartedMain] org.hibernate.tuple.PojoInstantiator     : HHH000182: No default (no-argument) constructor for class: com.shopme.common.entity.Category (class must be instantiated by Interceptor)
2021-09-30 23:14:12.387  INFO 1780 --- [restartedMain] o.h.e.t.j.p.i.JtaPlatformInitiator       : HHH000490: Using JtaPlatform implementation: [org.hibernate.engine.transaction.jta.platform.internal.NoJtaPlatform]
2021-09-30 23:14:12.387  INFO 1780 --- [restartedMain] j.LocalContainerEntityManagerFactoryBean : Initialized JPA EntityManagerFactory for persistence unit 'default'
2021-09-30 23:14:12.422  INFO 1780 --- [restartedMain] o.s.b.d.a.OptionalLiveReloadServer       : LiveReload server is running on port 35729
2021-09-30 23:14:12.606  WARN 1780 --- [restartedMain] JpaBaseConfiguration$JpaWebConfiguration : spring.jpa.open-in-view is enabled by default. Therefore, database queries may be performed during view rendering. Explicitly configure spring.jpa.open-in-view to disable this warning
2021-09-30 23:14:12.677  INFO 1780 --- [restartedMain] o.s.s.web.DefaultSecurityFilterChain     : Will secure Ant [pattern='/images/**'] with []
2021-09-30 23:14:12.678  INFO 1780 --- [restartedMain] o.s.s.web.DefaultSecurityFilterChain     : Will secure Ant [pattern='/js/**'] with []
2021-09-30 23:14:12.678  INFO 1780 --- [restartedMain] o.s.s.web.DefaultSecurityFilterChain     : Will secure Ant [pattern='/webjars/**'] with []
2021-09-30 23:14:12.691  INFO 1780 --- [restartedMain] o.s.s.web.DefaultSecurityFilterChain     : Will secure any request with [org.springframework.security.web.context.request.async.WebAsyncManagerIntegrationFilter@1ddb0572, org.springframework.security.web.context.SecurityContextPersistenceFilter@7bc0551e, org.springframework.security.web.header.HeaderWriterFilter@10a7a281, org.springframework.security.web.csrf.CsrfFilter@52be6178, org.springframework.security.web.authentication.logout.LogoutFilter@27f80ed7, org.springframework.security.web.authentication.UsernamePasswordAuthenticationFilter@60c6fb1f, org.springframework.security.web.savedrequest.RequestCacheAwareFilter@b0f6606, org.springframework.security.web.servletapi.SecurityContextHolderAwareRequestFilter@26917e4c, org.springframework.security.web.authentication.rememberme.RememberMeAuthenticationFilter@37b117e8, org.springframework.security.web.authentication.AnonymousAuthenticationFilter@1fe61d9c, org.springframework.security.web.session.SessionManagementFilter@5ad45a9d, org.springframework.security.web.access.ExceptionTranslationFilter@74609be3, org.springframework.security.web.access.intercept.FilterSecurityInterceptor@675cac71]
2021-09-30 23:14:12.749  INFO 1780 --- [restartedMain] o.s.s.concurrent.ThreadPoolTaskExecutor  : Initializing ExecutorService 'applicationTaskExecutor'
2021-09-30 23:14:12.799  INFO 1780 --- [restartedMain] o.s.b.a.w.s.WelcomePageHandlerMapping    : Adding welcome page template: index
2021-09-30 23:14:13.447  INFO 1780 --- [restartedMain] o.s.b.w.embedded.tomcat.TomcatWebServer  : Tomcat started on port(s): 8090 (http) with context path '/ShopmeAdmin'
2021-09-30 23:14:13.613  INFO 1780 --- [restartedMain] c.shopme.admin.ShopmeBackEndApplication  : Started ShopmeBackEndApplication in 2.988 seconds (JVM running for 183210.005)
2021-09-30 23:14:13.615  INFO 1780 --- [restartedMain] .ConditionEvaluationDeltaLoggingListener : Condition evaluation unchanged
2021-09-30 23:21:20.600  INFO 26480 --- [main] c.s.a.category.CategoryRepositoryTests   : Starting CategoryRepositoryTests using Java 15.0.2 on LAPTOP-NBIBL59J with PID 26480 (started by Acer in C:\Users\Acer\Documents\workspace-spring-tool-suite-4-4.10.0.RELEASE\ShopmeProject1\ShopmeWebParent1\ShopmeBackEnd1)
2021-09-30 23:21:20.602  INFO 26480 --- [main] c.s.a.category.CategoryRepositoryTests   : No active profile set, falling back to default profiles: default
2021-09-30 23:21:21.286  INFO 26480 --- [main] .s.d.r.c.RepositoryConfigurationDelegate : Bootstrapping Spring Data JPA repositories in DEFAULT mode.
2021-09-30 23:21:21.446  INFO 26480 --- [main] .s.d.r.c.RepositoryConfigurationDelegate : Finished Spring Data repository scanning in 142 ms. Found 3 JPA repository interfaces.
2021-09-30 23:21:22.292  INFO 26480 --- [main] o.hibernate.jpa.internal.util.LogHelper  : HHH000204: Processing PersistenceUnitInfo [name: default]
2021-09-30 23:21:22.401  INFO 26480 --- [main] org.hibernate.Version                    : HHH000412: Hibernate ORM core version 5.4.30.Final
2021-09-30 23:21:22.697  INFO 26480 --- [main] o.hibernate.annotations.common.Version   : HCANN000001: Hibernate Commons Annotations {5.1.2.Final}
2021-09-30 23:21:22.954  INFO 26480 --- [main] com.zaxxer.hikari.HikariDataSource       : HikariPool-1 - Starting...
2021-09-30 23:21:23.236  INFO 26480 --- [main] com.zaxxer.hikari.HikariDataSource       : HikariPool-1 - Start completed.
2021-09-30 23:21:23.262  INFO 26480 --- [main] org.hibernate.dialect.Dialect            : HHH000400: Using dialect: org.hibernate.dialect.MySQL8Dialect
2021-09-30 23:21:23.896  INFO 26480 --- [main] org.hibernate.tuple.PojoInstantiator     : HHH000182: No default (no-argument) constructor for class: com.shopme.common.entity.Category (class must be instantiated by Interceptor)
2021-09-30 23:21:24.471  INFO 26480 --- [main] o.h.e.t.j.p.i.JtaPlatformInitiator       : HHH000490: Using JtaPlatform implementation: [org.hibernate.engine.transaction.jta.platform.internal.NoJtaPlatform]
2021-09-30 23:21:24.487  INFO 26480 --- [main] j.LocalContainerEntityManagerFactoryBean : Initialized JPA EntityManagerFactory for persistence unit 'default'
2021-09-30 23:21:25.409  INFO 26480 --- [main] c.s.a.category.CategoryRepositoryTests   : Started CategoryRepositoryTests in 6.275 seconds (JVM running for 7.927)
2021-09-30 23:21:25.460  INFO 26480 --- [main] o.s.t.c.transaction.TransactionContext   : Began transaction (1) for test context [DefaultTestContext@40db2a24 testClass = CategoryRepositoryTests, testInstance = com.shopme.admin.category.CategoryRepositoryTests@51acdf2e, testMethod = testCreateSubCategory@CategoryRepositoryTests, testException = [null], mergedContextConfiguration = [MergedContextConfiguration@10cf09e8 testClass = CategoryRepositoryTests, locations = '{}', classes = '{class com.shopme.admin.ShopmeBackEndApplication}', contextInitializerClasses = '[]', activeProfiles = '{}', propertySourceLocations = '{}', propertySourceProperties = '{org.springframework.boot.test.autoconfigure.orm.jpa.DataJpaTestContextBootstrapper=true}', contextCustomizers = set[[ImportsContextCustomizer@1921ad94 key = [org.springframework.boot.autoconfigure.cache.CacheAutoConfiguration, org.springframework.boot.autoconfigure.data.jpa.JpaRepositoriesAutoConfiguration, org.springframework.boot.autoconfigure.flyway.FlywayAutoConfiguration, org.springframework.boot.autoconfigure.jdbc.DataSourceAutoConfiguration, org.springframework.boot.autoconfigure.jdbc.DataSourceTransactionManagerAutoConfiguration, org.springframework.boot.autoconfigure.jdbc.JdbcTemplateAutoConfiguration, org.springframework.boot.autoconfigure.liquibase.LiquibaseAutoConfiguration, org.springframework.boot.autoconfigure.orm.jpa.HibernateJpaAutoConfiguration, org.springframework.boot.autoconfigure.transaction.TransactionAutoConfiguration, org.springframework.boot.test.autoconfigure.jdbc.TestDatabaseAutoConfiguration, org.springframework.boot.test.autoconfigure.orm.jpa.TestEntityManagerAutoConfiguration]], org.springframework.boot.test.context.filter.ExcludeFilterContextCustomizer@2cb2fc20, org.springframework.boot.test.json.DuplicateJsonObjectContextCustomizerFactory$DuplicateJsonObjectContextCustomizer@5f0fd5a0, org.springframework.boot.test.mock.mockito.MockitoContextCustomizer@0, org.springframework.boot.test.autoconfigure.OverrideAutoConfigurationContextCustomizerFactory$DisableAutoConfigurationContextCustomizer@6736fa8d, org.springframework.boot.test.autoconfigure.actuate.metrics.MetricsExportContextCustomizerFactory$DisableMetricExportContextCustomizer@14a50707, org.springframework.boot.test.autoconfigure.filter.TypeExcludeFiltersContextCustomizer@351584c0, org.springframework.boot.test.autoconfigure.properties.PropertyMappingContextCustomizer@f4918150, org.springframework.boot.test.autoconfigure.web.servlet.WebDriverContextCustomizerFactory$Customizer@1e81f160, org.springframework.boot.test.context.SpringBootTestArgs@1, org.springframework.boot.test.context.SpringBootTestWebEnvironment@0], contextLoader = 'org.springframework.boot.test.context.SpringBootContextLoader', parent = [null]], attributes = map['org.springframework.test.context.event.ApplicationEventsTestExecutionListener.recordApplicationEvents' -> false]]; transaction manager [org.springframework.orm.jpa.JpaTransactionManager@4119346d]; rollback [false]
2021-09-30 23:21:26.018  INFO 26480 --- [main] o.s.t.c.transaction.TransactionContext   : Committed transaction for test: [DefaultTestContext@40db2a24 testClass = CategoryRepositoryTests, testInstance = com.shopme.admin.category.CategoryRepositoryTests@51acdf2e, testMethod = testCreateSubCategory@CategoryRepositoryTests, testException = [null], mergedContextConfiguration = [MergedContextConfiguration@10cf09e8 testClass = CategoryRepositoryTests, locations = '{}', classes = '{class com.shopme.admin.ShopmeBackEndApplication}', contextInitializerClasses = '[]', activeProfiles = '{}', propertySourceLocations = '{}', propertySourceProperties = '{org.springframework.boot.test.autoconfigure.orm.jpa.DataJpaTestContextBootstrapper=true}', contextCustomizers = set[[ImportsContextCustomizer@1921ad94 key = [org.springframework.boot.autoconfigure.cache.CacheAutoConfiguration, org.springframework.boot.autoconfigure.data.jpa.JpaRepositoriesAutoConfiguration, org.springframework.boot.autoconfigure.flyway.FlywayAutoConfiguration, org.springframework.boot.autoconfigure.jdbc.DataSourceAutoConfiguration, org.springframework.boot.autoconfigure.jdbc.DataSourceTransactionManagerAutoConfiguration, org.springframework.boot.autoconfigure.jdbc.JdbcTemplateAutoConfiguration, org.springframework.boot.autoconfigure.liquibase.LiquibaseAutoConfiguration, org.springframework.boot.autoconfigure.orm.jpa.HibernateJpaAutoConfiguration, org.springframework.boot.autoconfigure.transaction.TransactionAutoConfiguration, org.springframework.boot.test.autoconfigure.jdbc.TestDatabaseAutoConfiguration, org.springframework.boot.test.autoconfigure.orm.jpa.TestEntityManagerAutoConfiguration]], org.springframework.boot.test.context.filter.ExcludeFilterContextCustomizer@2cb2fc20, org.springframework.boot.test.json.DuplicateJsonObjectContextCustomizerFactory$DuplicateJsonObjectContextCustomizer@5f0fd5a0, org.springframework.boot.test.mock.mockito.MockitoContextCustomizer@0, org.springframework.boot.test.autoconfigure.OverrideAutoConfigurationContextCustomizerFactory$DisableAutoConfigurationContextCustomizer@6736fa8d, org.springframework.boot.test.autoconfigure.actuate.metrics.MetricsExportContextCustomizerFactory$DisableMetricExportContextCustomizer@14a50707, org.springframework.boot.test.autoconfigure.filter.TypeExcludeFiltersContextCustomizer@351584c0, org.springframework.boot.test.autoconfigure.properties.PropertyMappingContextCustomizer@f4918150, org.springframework.boot.test.autoconfigure.web.servlet.WebDriverContextCustomizerFactory$Customizer@1e81f160, org.springframework.boot.test.context.SpringBootTestArgs@1, org.springframework.boot.test.context.SpringBootTestWebEnvironment@0], contextLoader = 'org.springframework.boot.test.context.SpringBootContextLoader', parent = [null]], attributes = map['org.springframework.test.context.event.ApplicationEventsTestExecutionListener.recordApplicationEvents' -> false]]
2021-09-30 23:21:26.035  INFO 26480 --- [SpringContextShutdownHook] j.LocalContainerEntityManagerFactoryBean : Closing JPA EntityManagerFactory for persistence unit 'default'
2021-09-30 23:21:26.038  INFO 26480 --- [SpringContextShutdownHook] com.zaxxer.hikari.HikariDataSource       : HikariPool-1 - Shutdown initiated...
2021-09-30 23:21:26.053  INFO 26480 --- [SpringContextShutdownHook] com.zaxxer.hikari.HikariDataSource       : HikariPool-1 - Shutdown completed.
