2021-09-27 11:45:14.500  INFO 14032 --- [restartedMain] c.shopme.admin.ShopmeBackEndApplication  : Starting ShopmeBackEndApplication using Java 15.0.2 on LAPTOP-NBIBL59J with PID 14032 (C:\Users\Acer\Documents\workspace-spring-tool-suite-4-4.10.0.RELEASE\ShopmeProject1\ShopmeWebParent1\ShopmeBackEnd1\target\classes started by Acer in C:\Users\Acer\Documents\workspace-spring-tool-suite-4-4.10.0.RELEASE\ShopmeProject1\ShopmeWebParent1\ShopmeBackEnd1)
2021-09-27 11:45:14.501  INFO 14032 --- [restartedMain] c.shopme.admin.ShopmeBackEndApplication  : No active profile set, falling back to default profiles: default
2021-09-27 11:45:15.618  INFO 14032 --- [restartedMain] .s.d.r.c.RepositoryConfigurationDelegate : Bootstrapping Spring Data JPA repositories in DEFAULT mode.
2021-09-27 11:45:15.649  INFO 14032 --- [restartedMain] .s.d.r.c.RepositoryConfigurationDelegate : Finished Spring Data repository scanning in 30 ms. Found 2 JPA repository interfaces.
2021-09-27 11:45:15.821  INFO 14032 --- [restartedMain] o.s.cloud.context.scope.GenericScope     : BeanFactory id=d7223d9e-457c-376e-af5d-74114d8fbcc3
2021-09-27 11:45:15.985  INFO 14032 --- [restartedMain] o.s.b.w.embedded.tomcat.TomcatWebServer  : Tomcat initialized with port(s): 8090 (http)
2021-09-27 11:45:15.988  INFO 14032 --- [restartedMain] o.apache.catalina.core.StandardService   : Starting service [Tomcat]
2021-09-27 11:45:15.988  INFO 14032 --- [restartedMain] org.apache.catalina.core.StandardEngine  : Starting Servlet engine: [Apache Tomcat/9.0.45]
2021-09-27 11:45:16.047  INFO 14032 --- [restartedMain] o.a.c.c.C.[.[localhost].[/ShopmeAdmin]   : Initializing Spring embedded WebApplicationContext
2021-09-27 11:45:16.047  INFO 14032 --- [restartedMain] w.s.c.ServletWebServerApplicationContext : Root WebApplicationContext: initialization completed in 1531 ms
2021-09-27 11:45:16.116  INFO 14032 --- [restartedMain] o.hibernate.jpa.internal.util.LogHelper  : HHH000204: Processing PersistenceUnitInfo [name: default]
2021-09-27 11:45:16.127  INFO 14032 --- [restartedMain] com.zaxxer.hikari.HikariDataSource       : HikariPool-10 - Starting...
2021-09-27 11:45:16.134  INFO 14032 --- [restartedMain] com.zaxxer.hikari.HikariDataSource       : HikariPool-10 - Start completed.
2021-09-27 11:45:16.135  INFO 14032 --- [restartedMain] org.hibernate.dialect.Dialect            : HHH000400: Using dialect: org.hibernate.dialect.MySQL8Dialect
2021-09-27 11:45:16.259  INFO 14032 --- [restartedMain] o.h.e.t.j.p.i.JtaPlatformInitiator       : HHH000490: Using JtaPlatform implementation: [org.hibernate.engine.transaction.jta.platform.internal.NoJtaPlatform]
2021-09-27 11:45:16.259  INFO 14032 --- [restartedMain] j.LocalContainerEntityManagerFactoryBean : Initialized JPA EntityManagerFactory for persistence unit 'default'
2021-09-27 11:45:16.296  INFO 14032 --- [restartedMain] o.s.b.d.a.OptionalLiveReloadServer       : LiveReload server is running on port 35729
2021-09-27 11:45:16.410  WARN 14032 --- [restartedMain] JpaBaseConfiguration$JpaWebConfiguration : spring.jpa.open-in-view is enabled by default. Therefore, database queries may be performed during view rendering. Explicitly configure spring.jpa.open-in-view to disable this warning
2021-09-27 11:45:16.463  INFO 14032 --- [restartedMain] o.s.s.web.DefaultSecurityFilterChain     : Will secure Ant [pattern='/images/**'] with []
2021-09-27 11:45:16.463  INFO 14032 --- [restartedMain] o.s.s.web.DefaultSecurityFilterChain     : Will secure Ant [pattern='/js/**'] with []
2021-09-27 11:45:16.464  INFO 14032 --- [restartedMain] o.s.s.web.DefaultSecurityFilterChain     : Will secure Ant [pattern='/webjars/**'] with []
2021-09-27 11:45:16.485  INFO 14032 --- [restartedMain] o.s.s.web.DefaultSecurityFilterChain     : Will secure any request with [org.springframework.security.web.context.request.async.WebAsyncManagerIntegrationFilter@434bda6b, org.springframework.security.web.context.SecurityContextPersistenceFilter@7458654b, org.springframework.security.web.header.HeaderWriterFilter@3e735042, org.springframework.security.web.csrf.CsrfFilter@39d10249, org.springframework.security.web.authentication.logout.LogoutFilter@750292f3, org.springframework.security.web.authentication.UsernamePasswordAuthenticationFilter@3cae7ed5, org.springframework.security.web.savedrequest.RequestCacheAwareFilter@748d71a4, org.springframework.security.web.servletapi.SecurityContextHolderAwareRequestFilter@50d8de37, org.springframework.security.web.authentication.rememberme.RememberMeAuthenticationFilter@4ff98966, org.springframework.security.web.authentication.AnonymousAuthenticationFilter@5676511e, org.springframework.security.web.session.SessionManagementFilter@45aaf4fd, org.springframework.security.web.access.ExceptionTranslationFilter@40e807bb, org.springframework.security.web.access.intercept.FilterSecurityInterceptor@19319337]
2021-09-27 11:45:16.551  INFO 14032 --- [restartedMain] o.s.s.concurrent.ThreadPoolTaskExecutor  : Initializing ExecutorService 'applicationTaskExecutor'
2021-09-27 11:45:16.582  INFO 14032 --- [restartedMain] o.s.b.a.w.s.WelcomePageHandlerMapping    : Adding welcome page template: index
2021-09-27 11:45:17.266  INFO 14032 --- [restartedMain] o.s.b.w.embedded.tomcat.TomcatWebServer  : Tomcat started on port(s): 8090 (http) with context path '/ShopmeAdmin'
2021-09-27 11:45:17.444  INFO 14032 --- [restartedMain] c.shopme.admin.ShopmeBackEndApplication  : Started ShopmeBackEndApplication in 3.806 seconds (JVM running for 46333.807)
2021-09-27 11:45:17.449  INFO 14032 --- [restartedMain] .ConditionEvaluationDeltaLoggingListener : Condition evaluation unchanged
2021-09-27 11:49:43.162  INFO 14032 --- [Thread-66] o.s.s.concurrent.ThreadPoolTaskExecutor  : Shutting down ExecutorService 'applicationTaskExecutor'
2021-09-27 11:49:43.177  INFO 14032 --- [Thread-66] j.LocalContainerEntityManagerFactoryBean : Closing JPA EntityManagerFactory for persistence unit 'default'
2021-09-27 11:49:43.229  INFO 14032 --- [Thread-66] com.zaxxer.hikari.HikariDataSource       : HikariPool-10 - Shutdown initiated...
2021-09-27 11:49:43.251  INFO 14032 --- [Thread-66] com.zaxxer.hikari.HikariDataSource       : HikariPool-10 - Shutdown completed.
2021-09-27 11:49:43.839  INFO 14032 --- [restartedMain] c.shopme.admin.ShopmeBackEndApplication  : Starting ShopmeBackEndApplication using Java 15.0.2 on LAPTOP-NBIBL59J with PID 14032 (C:\Users\Acer\Documents\workspace-spring-tool-suite-4-4.10.0.RELEASE\ShopmeProject1\ShopmeWebParent1\ShopmeBackEnd1\target\classes started by Acer in C:\Users\Acer\Documents\workspace-spring-tool-suite-4-4.10.0.RELEASE\ShopmeProject1\ShopmeWebParent1\ShopmeBackEnd1)
2021-09-27 11:49:43.839  INFO 14032 --- [restartedMain] c.shopme.admin.ShopmeBackEndApplication  : No active profile set, falling back to default profiles: default
2021-09-27 11:49:44.324  INFO 14032 --- [restartedMain] .s.d.r.c.RepositoryConfigurationDelegate : Bootstrapping Spring Data JPA repositories in DEFAULT mode.
2021-09-27 11:49:44.349  INFO 14032 --- [restartedMain] .s.d.r.c.RepositoryConfigurationDelegate : Finished Spring Data repository scanning in 24 ms. Found 2 JPA repository interfaces.
2021-09-27 11:49:44.457  INFO 14032 --- [restartedMain] o.s.cloud.context.scope.GenericScope     : BeanFactory id=d7223d9e-457c-376e-af5d-74114d8fbcc3
2021-09-27 11:49:44.612  INFO 14032 --- [restartedMain] o.s.b.w.embedded.tomcat.TomcatWebServer  : Tomcat initialized with port(s): 8090 (http)
2021-09-27 11:49:44.613  INFO 14032 --- [restartedMain] o.apache.catalina.core.StandardService   : Starting service [Tomcat]
2021-09-27 11:49:44.613  INFO 14032 --- [restartedMain] org.apache.catalina.core.StandardEngine  : Starting Servlet engine: [Apache Tomcat/9.0.45]
2021-09-27 11:49:44.653  INFO 14032 --- [restartedMain] o.a.c.c.C.[.[localhost].[/ShopmeAdmin]   : Initializing Spring embedded WebApplicationContext
2021-09-27 11:49:44.653  INFO 14032 --- [restartedMain] w.s.c.ServletWebServerApplicationContext : Root WebApplicationContext: initialization completed in 809 ms
2021-09-27 11:49:44.723  INFO 14032 --- [restartedMain] o.hibernate.jpa.internal.util.LogHelper  : HHH000204: Processing PersistenceUnitInfo [name: default]
2021-09-27 11:49:44.733  INFO 14032 --- [restartedMain] com.zaxxer.hikari.HikariDataSource       : HikariPool-11 - Starting...
2021-09-27 11:49:44.751  INFO 14032 --- [restartedMain] com.zaxxer.hikari.HikariDataSource       : HikariPool-11 - Start completed.
2021-09-27 11:49:44.752  INFO 14032 --- [restartedMain] org.hibernate.dialect.Dialect            : HHH000400: Using dialect: org.hibernate.dialect.MySQL8Dialect
2021-09-27 11:49:44.834  INFO 14032 --- [restartedMain] o.h.e.t.j.p.i.JtaPlatformInitiator       : HHH000490: Using JtaPlatform implementation: [org.hibernate.engine.transaction.jta.platform.internal.NoJtaPlatform]
2021-09-27 11:49:44.834  INFO 14032 --- [restartedMain] j.LocalContainerEntityManagerFactoryBean : Initialized JPA EntityManagerFactory for persistence unit 'default'
2021-09-27 11:49:44.858  INFO 14032 --- [restartedMain] o.s.b.d.a.OptionalLiveReloadServer       : LiveReload server is running on port 35729
2021-09-27 11:49:44.995  WARN 14032 --- [restartedMain] JpaBaseConfiguration$JpaWebConfiguration : spring.jpa.open-in-view is enabled by default. Therefore, database queries may be performed during view rendering. Explicitly configure spring.jpa.open-in-view to disable this warning
2021-09-27 11:49:45.044  INFO 14032 --- [restartedMain] o.s.s.web.DefaultSecurityFilterChain     : Will secure Ant [pattern='/images/**'] with []
2021-09-27 11:49:45.044  INFO 14032 --- [restartedMain] o.s.s.web.DefaultSecurityFilterChain     : Will secure Ant [pattern='/js/**'] with []
2021-09-27 11:49:45.044  INFO 14032 --- [restartedMain] o.s.s.web.DefaultSecurityFilterChain     : Will secure Ant [pattern='/webjars/**'] with []
2021-09-27 11:49:45.057  INFO 14032 --- [restartedMain] o.s.s.web.DefaultSecurityFilterChain     : Will secure any request with [org.springframework.security.web.context.request.async.WebAsyncManagerIntegrationFilter@719b47af, org.springframework.security.web.context.SecurityContextPersistenceFilter@644b9110, org.springframework.security.web.header.HeaderWriterFilter@12f02f22, org.springframework.security.web.csrf.CsrfFilter@27710d02, org.springframework.security.web.authentication.logout.LogoutFilter@471b9ee2, org.springframework.security.web.authentication.UsernamePasswordAuthenticationFilter@5c853712, org.springframework.security.web.savedrequest.RequestCacheAwareFilter@4b43651d, org.springframework.security.web.servletapi.SecurityContextHolderAwareRequestFilter@5859da68, org.springframework.security.web.authentication.rememberme.RememberMeAuthenticationFilter@219669cf, org.springframework.security.web.authentication.AnonymousAuthenticationFilter@f494d8, org.springframework.security.web.session.SessionManagementFilter@4bfd8c70, org.springframework.security.web.access.ExceptionTranslationFilter@471d075b, org.springframework.security.web.access.intercept.FilterSecurityInterceptor@46c6eb17]
2021-09-27 11:49:45.108  INFO 14032 --- [restartedMain] o.s.s.concurrent.ThreadPoolTaskExecutor  : Initializing ExecutorService 'applicationTaskExecutor'
2021-09-27 11:49:45.133  INFO 14032 --- [restartedMain] o.s.b.a.w.s.WelcomePageHandlerMapping    : Adding welcome page template: index
2021-09-27 11:49:45.691  INFO 14032 --- [restartedMain] o.s.b.w.embedded.tomcat.TomcatWebServer  : Tomcat started on port(s): 8090 (http) with context path '/ShopmeAdmin'
2021-09-27 11:49:45.849  INFO 14032 --- [restartedMain] c.shopme.admin.ShopmeBackEndApplication  : Started ShopmeBackEndApplication in 2.228 seconds (JVM running for 46602.212)
2021-09-27 11:49:45.851  INFO 14032 --- [restartedMain] .ConditionEvaluationDeltaLoggingListener : Condition evaluation unchanged
2021-09-27 11:56:20.264  INFO 14032 --- [Thread-73] o.s.s.concurrent.ThreadPoolTaskExecutor  : Shutting down ExecutorService 'applicationTaskExecutor'
2021-09-27 11:56:20.265  INFO 14032 --- [Thread-73] j.LocalContainerEntityManagerFactoryBean : Closing JPA EntityManagerFactory for persistence unit 'default'
2021-09-27 11:56:20.266  INFO 14032 --- [Thread-73] com.zaxxer.hikari.HikariDataSource       : HikariPool-11 - Shutdown initiated...
2021-09-27 11:56:20.269  INFO 14032 --- [Thread-73] com.zaxxer.hikari.HikariDataSource       : HikariPool-11 - Shutdown completed.
2021-09-27 11:56:21.164  INFO 14032 --- [restartedMain] c.shopme.admin.ShopmeBackEndApplication  : Starting ShopmeBackEndApplication using Java 15.0.2 on LAPTOP-NBIBL59J with PID 14032 (C:\Users\Acer\Documents\workspace-spring-tool-suite-4-4.10.0.RELEASE\ShopmeProject1\ShopmeWebParent1\ShopmeBackEnd1\target\classes started by Acer in C:\Users\Acer\Documents\workspace-spring-tool-suite-4-4.10.0.RELEASE\ShopmeProject1\ShopmeWebParent1\ShopmeBackEnd1)
2021-09-27 11:56:21.165  INFO 14032 --- [restartedMain] c.shopme.admin.ShopmeBackEndApplication  : No active profile set, falling back to default profiles: default
2021-09-27 11:56:21.651  INFO 14032 --- [restartedMain] .s.d.r.c.RepositoryConfigurationDelegate : Bootstrapping Spring Data JPA repositories in DEFAULT mode.
2021-09-27 11:56:21.676  INFO 14032 --- [restartedMain] .s.d.r.c.RepositoryConfigurationDelegate : Finished Spring Data repository scanning in 25 ms. Found 2 JPA repository interfaces.
2021-09-27 11:56:21.780  INFO 14032 --- [restartedMain] o.s.cloud.context.scope.GenericScope     : BeanFactory id=d7223d9e-457c-376e-af5d-74114d8fbcc3
2021-09-27 11:56:21.889  INFO 14032 --- [restartedMain] o.s.b.w.embedded.tomcat.TomcatWebServer  : Tomcat initialized with port(s): 8090 (http)
2021-09-27 11:56:21.890  INFO 14032 --- [restartedMain] o.apache.catalina.core.StandardService   : Starting service [Tomcat]
2021-09-27 11:56:21.890  INFO 14032 --- [restartedMain] org.apache.catalina.core.StandardEngine  : Starting Servlet engine: [Apache Tomcat/9.0.45]
2021-09-27 11:56:21.954  INFO 14032 --- [restartedMain] o.a.c.c.C.[.[localhost].[/ShopmeAdmin]   : Initializing Spring embedded WebApplicationContext
2021-09-27 11:56:21.954  INFO 14032 --- [restartedMain] w.s.c.ServletWebServerApplicationContext : Root WebApplicationContext: initialization completed in 785 ms
2021-09-27 11:56:22.025  INFO 14032 --- [restartedMain] o.hibernate.jpa.internal.util.LogHelper  : HHH000204: Processing PersistenceUnitInfo [name: default]
2021-09-27 11:56:22.035  INFO 14032 --- [restartedMain] com.zaxxer.hikari.HikariDataSource       : HikariPool-12 - Starting...
2021-09-27 11:56:22.045  INFO 14032 --- [restartedMain] com.zaxxer.hikari.HikariDataSource       : HikariPool-12 - Start completed.
2021-09-27 11:56:22.045  INFO 14032 --- [restartedMain] org.hibernate.dialect.Dialect            : HHH000400: Using dialect: org.hibernate.dialect.MySQL8Dialect
2021-09-27 11:56:22.138  INFO 14032 --- [restartedMain] o.h.e.t.j.p.i.JtaPlatformInitiator       : HHH000490: Using JtaPlatform implementation: [org.hibernate.engine.transaction.jta.platform.internal.NoJtaPlatform]
2021-09-27 11:56:22.139  INFO 14032 --- [restartedMain] j.LocalContainerEntityManagerFactoryBean : Initialized JPA EntityManagerFactory for persistence unit 'default'
2021-09-27 11:56:22.168  INFO 14032 --- [restartedMain] o.s.b.d.a.OptionalLiveReloadServer       : LiveReload server is running on port 35729
2021-09-27 11:56:22.267  WARN 14032 --- [restartedMain] JpaBaseConfiguration$JpaWebConfiguration : spring.jpa.open-in-view is enabled by default. Therefore, database queries may be performed during view rendering. Explicitly configure spring.jpa.open-in-view to disable this warning
2021-09-27 11:56:22.379  INFO 14032 --- [restartedMain] o.s.s.web.DefaultSecurityFilterChain     : Will secure Ant [pattern='/images/**'] with []
2021-09-27 11:56:22.379  INFO 14032 --- [restartedMain] o.s.s.web.DefaultSecurityFilterChain     : Will secure Ant [pattern='/js/**'] with []
2021-09-27 11:56:22.379  INFO 14032 --- [restartedMain] o.s.s.web.DefaultSecurityFilterChain     : Will secure Ant [pattern='/webjars/**'] with []
2021-09-27 11:56:22.390  INFO 14032 --- [restartedMain] o.s.s.web.DefaultSecurityFilterChain     : Will secure any request with [org.springframework.security.web.context.request.async.WebAsyncManagerIntegrationFilter@57235c33, org.springframework.security.web.context.SecurityContextPersistenceFilter@29a7911e, org.springframework.security.web.header.HeaderWriterFilter@3dba783c, org.springframework.security.web.csrf.CsrfFilter@2d83a475, org.springframework.security.web.authentication.logout.LogoutFilter@6b0fad56, org.springframework.security.web.authentication.UsernamePasswordAuthenticationFilter@2f9b528e, org.springframework.security.web.savedrequest.RequestCacheAwareFilter@30c561fe, org.springframework.security.web.servletapi.SecurityContextHolderAwareRequestFilter@5ed08442, org.springframework.security.web.authentication.rememberme.RememberMeAuthenticationFilter@5f0d06ef, org.springframework.security.web.authentication.AnonymousAuthenticationFilter@344986b7, org.springframework.security.web.session.SessionManagementFilter@19372e41, org.springframework.security.web.access.ExceptionTranslationFilter@738d4eca, org.springframework.security.web.access.intercept.FilterSecurityInterceptor@63800129]
2021-09-27 11:56:22.426  INFO 14032 --- [restartedMain] o.s.s.concurrent.ThreadPoolTaskExecutor  : Initializing ExecutorService 'applicationTaskExecutor'
2021-09-27 11:56:22.460  INFO 14032 --- [restartedMain] o.s.b.a.w.s.WelcomePageHandlerMapping    : Adding welcome page template: index
2021-09-27 11:56:22.915  INFO 14032 --- [restartedMain] o.s.b.w.embedded.tomcat.TomcatWebServer  : Tomcat started on port(s): 8090 (http) with context path '/ShopmeAdmin'
2021-09-27 11:56:23.209  INFO 14032 --- [restartedMain] c.shopme.admin.ShopmeBackEndApplication  : Started ShopmeBackEndApplication in 2.817 seconds (JVM running for 46999.571)
2021-09-27 11:56:23.213  INFO 14032 --- [restartedMain] .ConditionEvaluationDeltaLoggingListener : Condition evaluation unchanged
2021-09-27 14:41:39.165  WARN 14032 --- [HikariPool-12 housekeeper] com.zaxxer.hikari.pool.HikariPool        : HikariPool-12 - Thread starvation or clock leap detected (housekeeper delta=2h21m46s603ms977µs500ns).
2021-09-27 15:44:08.593  INFO 14032 --- [http-nio-8090-exec-2] o.a.c.c.C.[.[localhost].[/ShopmeAdmin]   : Initializing Spring DispatcherServlet 'dispatcherServlet'
2021-09-27 15:44:08.651  INFO 14032 --- [http-nio-8090-exec-2] o.s.web.servlet.DispatcherServlet        : Initializing Servlet 'dispatcherServlet'
2021-09-27 15:44:08.820  INFO 14032 --- [http-nio-8090-exec-2] o.s.web.servlet.DispatcherServlet        : Completed initialization in 168 ms
2021-09-27 16:25:35.828  INFO 14032 --- [Thread-80] o.s.s.concurrent.ThreadPoolTaskExecutor  : Shutting down ExecutorService 'applicationTaskExecutor'
2021-09-27 16:25:35.868  INFO 14032 --- [Thread-80] j.LocalContainerEntityManagerFactoryBean : Closing JPA EntityManagerFactory for persistence unit 'default'
2021-09-27 16:25:35.945  INFO 14032 --- [Thread-80] com.zaxxer.hikari.HikariDataSource       : HikariPool-12 - Shutdown initiated...
2021-09-27 16:25:35.991  INFO 14032 --- [Thread-80] com.zaxxer.hikari.HikariDataSource       : HikariPool-12 - Shutdown completed.
2021-09-27 16:25:38.969  INFO 14032 --- [restartedMain] c.shopme.admin.ShopmeBackEndApplication  : Starting ShopmeBackEndApplication using Java 15.0.2 on LAPTOP-NBIBL59J with PID 14032 (C:\Users\Acer\Documents\workspace-spring-tool-suite-4-4.10.0.RELEASE\ShopmeProject1\ShopmeWebParent1\ShopmeBackEnd1\target\classes started by Acer in C:\Users\Acer\Documents\workspace-spring-tool-suite-4-4.10.0.RELEASE\ShopmeProject1\ShopmeWebParent1\ShopmeBackEnd1)
2021-09-27 16:25:38.971  INFO 14032 --- [restartedMain] c.shopme.admin.ShopmeBackEndApplication  : No active profile set, falling back to default profiles: default
2021-09-27 16:25:41.123  INFO 14032 --- [restartedMain] .s.d.r.c.RepositoryConfigurationDelegate : Bootstrapping Spring Data JPA repositories in DEFAULT mode.
2021-09-27 16:25:41.320  INFO 14032 --- [restartedMain] .s.d.r.c.RepositoryConfigurationDelegate : Finished Spring Data repository scanning in 192 ms. Found 2 JPA repository interfaces.
2021-09-27 16:25:41.649  INFO 14032 --- [restartedMain] o.s.cloud.context.scope.GenericScope     : BeanFactory id=d7223d9e-457c-376e-af5d-74114d8fbcc3
2021-09-27 16:25:42.063  INFO 14032 --- [restartedMain] o.s.b.w.embedded.tomcat.TomcatWebServer  : Tomcat initialized with port(s): 8090 (http)
2021-09-27 16:25:42.067  INFO 14032 --- [restartedMain] o.apache.catalina.core.StandardService   : Starting service [Tomcat]
2021-09-27 16:25:42.067  INFO 14032 --- [restartedMain] org.apache.catalina.core.StandardEngine  : Starting Servlet engine: [Apache Tomcat/9.0.45]
2021-09-27 16:25:42.174  INFO 14032 --- [restartedMain] o.a.c.c.C.[.[localhost].[/ShopmeAdmin]   : Initializing Spring embedded WebApplicationContext
2021-09-27 16:25:42.174  INFO 14032 --- [restartedMain] w.s.c.ServletWebServerApplicationContext : Root WebApplicationContext: initialization completed in 3191 ms
2021-09-27 16:25:42.296  INFO 14032 --- [restartedMain] o.hibernate.jpa.internal.util.LogHelper  : HHH000204: Processing PersistenceUnitInfo [name: default]
2021-09-27 16:25:42.331  INFO 14032 --- [restartedMain] com.zaxxer.hikari.HikariDataSource       : HikariPool-13 - Starting...
2021-09-27 16:25:42.347  INFO 14032 --- [restartedMain] com.zaxxer.hikari.HikariDataSource       : HikariPool-13 - Start completed.
2021-09-27 16:25:42.349  INFO 14032 --- [restartedMain] org.hibernate.dialect.Dialect            : HHH000400: Using dialect: org.hibernate.dialect.MySQL8Dialect
2021-09-27 16:25:42.530  INFO 14032 --- [restartedMain] o.h.e.t.j.p.i.JtaPlatformInitiator       : HHH000490: Using JtaPlatform implementation: [org.hibernate.engine.transaction.jta.platform.internal.NoJtaPlatform]
2021-09-27 16:25:42.531  INFO 14032 --- [restartedMain] j.LocalContainerEntityManagerFactoryBean : Initialized JPA EntityManagerFactory for persistence unit 'default'
2021-09-27 16:25:42.568  INFO 14032 --- [restartedMain] o.s.b.d.a.OptionalLiveReloadServer       : LiveReload server is running on port 35729
2021-09-27 16:25:42.727  WARN 14032 --- [restartedMain] JpaBaseConfiguration$JpaWebConfiguration : spring.jpa.open-in-view is enabled by default. Therefore, database queries may be performed during view rendering. Explicitly configure spring.jpa.open-in-view to disable this warning
2021-09-27 16:25:42.807  INFO 14032 --- [restartedMain] o.s.s.web.DefaultSecurityFilterChain     : Will secure Ant [pattern='/images/**'] with []
2021-09-27 16:25:42.807  INFO 14032 --- [restartedMain] o.s.s.web.DefaultSecurityFilterChain     : Will secure Ant [pattern='/js/**'] with []
2021-09-27 16:25:42.808  INFO 14032 --- [restartedMain] o.s.s.web.DefaultSecurityFilterChain     : Will secure Ant [pattern='/webjars/**'] with []
2021-09-27 16:25:42.828  INFO 14032 --- [restartedMain] o.s.s.web.DefaultSecurityFilterChain     : Will secure any request with [org.springframework.security.web.context.request.async.WebAsyncManagerIntegrationFilter@72235a33, org.springframework.security.web.context.SecurityContextPersistenceFilter@180b9b3d, org.springframework.security.web.header.HeaderWriterFilter@2e96c683, org.springframework.security.web.csrf.CsrfFilter@f71e029, org.springframework.security.web.authentication.logout.LogoutFilter@1cce601d, org.springframework.security.web.authentication.UsernamePasswordAuthenticationFilter@632683ec, org.springframework.security.web.savedrequest.RequestCacheAwareFilter@5c304016, org.springframework.security.web.servletapi.SecurityContextHolderAwareRequestFilter@440a27cd, org.springframework.security.web.authentication.rememberme.RememberMeAuthenticationFilter@1c788e1f, org.springframework.security.web.authentication.AnonymousAuthenticationFilter@40044e2a, org.springframework.security.web.session.SessionManagementFilter@187b50b3, org.springframework.security.web.access.ExceptionTranslationFilter@5e835f9d, org.springframework.security.web.access.intercept.FilterSecurityInterceptor@6a6b1fd2]
2021-09-27 16:25:42.942  INFO 14032 --- [restartedMain] o.s.s.concurrent.ThreadPoolTaskExecutor  : Initializing ExecutorService 'applicationTaskExecutor'
2021-09-27 16:25:43.004  INFO 14032 --- [restartedMain] o.s.b.a.w.s.WelcomePageHandlerMapping    : Adding welcome page template: index
2021-09-27 16:25:43.807  INFO 14032 --- [restartedMain] o.s.b.w.embedded.tomcat.TomcatWebServer  : Tomcat started on port(s): 8090 (http) with context path '/ShopmeAdmin'
2021-09-27 16:25:44.063  INFO 14032 --- [restartedMain] c.shopme.admin.ShopmeBackEndApplication  : Started ShopmeBackEndApplication in 5.577 seconds (JVM running for 63160.447)
2021-09-27 16:25:44.066  INFO 14032 --- [restartedMain] .ConditionEvaluationDeltaLoggingListener : Condition evaluation unchanged
2021-09-27 21:48:47.941  WARN 14032 --- [HikariPool-13 housekeeper] com.zaxxer.hikari.pool.HikariPool        : HikariPool-13 - Thread starvation or clock leap detected (housekeeper delta=2h33m32s493ms951µs800ns).
